<?xml version="1.0" encoding="UTF-8"?>
<!-- Generated by org.testng.reporters.JUnitReportReporter -->
<testsuite hostname="DESKTOP-8DPVRQ3" failures="0" tests="2" name="com.maven.testng.VerifyLoginTest" time="6.222" errors="0" timestamp="2021-06-27T12:08:33 IST" skipped="0">
  <testcase classname="com.maven.testng.VerifyLoginTest" name="verifyLoginErrorMessage" time="1.510"/>
  <system-out/>
  <testcase classname="com.maven.testng.VerifyLoginTest" name="verifyLoginWithCorrectCredentials" time="4.712"/>
  <system-out/>
</testsuite> <!-- com.maven.testng.VerifyLoginTest -->
