<?xml version="1.0" encoding="UTF-8"?>
<!-- Generated by org.testng.reporters.JUnitReportReporter -->
<testsuite hostname="DESKTOP-8DPVRQ3" failures="0" tests="7" name="com.maven.testng.VerifyJobTitlesPage" time="0.005" errors="0" timestamp="2021-07-08T19:19:56 IST" skipped="0">
  <testcase classname="com.maven.testng.VerifyJobTitlesPage" name="verifyEditJobTitle" time="0.001"/>
  <system-out/>
  <testcase classname="com.maven.testng.VerifyJobTitlesPage" name="verifyEditJobTitle" time="0.001"/>
  <system-out/>
  <testcase classname="com.maven.testng.VerifyJobTitlesPage" name="verifyEditJobTitle" time="0.001"/>
  <system-out/>
  <testcase classname="com.maven.testng.VerifyJobTitlesPage" name="verifyEditJobTitle" time="0.000"/>
  <system-out/>
  <testcase classname="com.maven.testng.VerifyJobTitlesPage" name="verifyEditJobTitle" time="0.001"/>
  <system-out/>
  <testcase classname="com.maven.testng.VerifyJobTitlesPage" name="verifyEditJobTitle" time="0.000"/>
  <system-out/>
  <testcase classname="com.maven.testng.VerifyJobTitlesPage" name="verifyEditJobTitle" time="0.001"/>
  <system-out/>
</testsuite> <!-- com.maven.testng.VerifyJobTitlesPage -->
