<?xml version="1.0" encoding="UTF-8"?>
<!-- Generated by org.testng.reporters.JUnitReportReporter -->
<testsuite hostname="DESKTOP-8DPVRQ3" failures="0" tests="1" name="com.maven.testng.tests.UserManagementAddUser" time="14.563" errors="0" timestamp="2021-09-19T12:13:45 IST" skipped="0">
  <testcase classname="com.maven.testng.tests.UserManagementAddUser" name="testAddNewAdminUser" time="14.563"/>
  <system-out/>
</testsuite> <!-- com.maven.testng.tests.UserManagementAddUser -->
