<?xml version="1.0" encoding="UTF-8"?>
<!-- Generated by org.testng.reporters.JUnitReportReporter -->
<testsuite hostname="DESKTOP-8DPVRQ3" failures="0" tests="5" name="com.maven.testng.VerifyWorkShifts" time="7.979" errors="0" timestamp="2021-07-18T10:36:56 IST" skipped="0">
  <testcase classname="com.maven.testng.VerifyWorkShifts" name="verifyAddWorkShifts" time="1.636"/>
  <system-out/>
  <testcase classname="com.maven.testng.VerifyWorkShifts" name="verifyAddWorkShifts" time="1.593"/>
  <system-out/>
  <testcase classname="com.maven.testng.VerifyWorkShifts" name="verifyAddWorkShifts" time="1.610"/>
  <system-out/>
  <testcase classname="com.maven.testng.VerifyWorkShifts" name="verifyAddWorkShifts" time="1.532"/>
  <system-out/>
  <testcase classname="com.maven.testng.VerifyWorkShifts" name="verifyAddWorkShifts" time="1.608"/>
  <system-out/>
</testsuite> <!-- com.maven.testng.VerifyWorkShifts -->
