<?xml version="1.0" encoding="UTF-8"?>
<!-- Generated by org.testng.reporters.JUnitReportReporter -->
<testsuite hostname="DESKTOP-8DPVRQ3" failures="0" tests="5" name="com.maven.testng.VerifyWorkShifts" time="9.812" errors="0" timestamp="2021-08-10T20:22:32 IST" skipped="0">
  <testcase classname="com.maven.testng.VerifyWorkShifts" name="verifyAddWorkShifts" time="1.598"/>
  <system-out/>
  <testcase classname="com.maven.testng.VerifyWorkShifts" name="verifyAddWorkShifts" time="1.468"/>
  <system-out/>
  <testcase classname="com.maven.testng.VerifyWorkShifts" name="verifyAddWorkShifts" time="3.656"/>
  <system-out/>
  <testcase classname="com.maven.testng.VerifyWorkShifts" name="verifyAddWorkShifts" time="1.553"/>
  <system-out/>
  <testcase classname="com.maven.testng.VerifyWorkShifts" name="verifyAddWorkShifts" time="1.537"/>
  <system-out/>
</testsuite> <!-- com.maven.testng.VerifyWorkShifts -->
