<?xml version="1.0" encoding="UTF-8"?>
<!-- Generated by org.testng.reporters.JUnitReportReporter -->
<testsuite hostname="DESKTOP-8DPVRQ3" failures="0" tests="1" name="com.maven.testng.VerifyPayGrades" time="3.070" errors="0" timestamp="2021-06-27T12:08:33 IST" skipped="0">
  <testcase classname="com.maven.testng.VerifyPayGrades" name="verifyAddPayGrades" time="3.070"/>
  <system-out/>
</testsuite> <!-- com.maven.testng.VerifyPayGrades -->
