<?xml version="1.0" encoding="UTF-8"?>
<!-- Generated by org.testng.reporters.JUnitReportReporter -->
<testsuite hostname="DESKTOP-8DPVRQ3" failures="0" tests="6" name="com.maven.testng.TempClass" time="0.007" errors="0" timestamp="2021-07-15T20:34:40 IST" skipped="0">
  <testcase classname="com.maven.testng.TempClass" name="test" time="0.000"/>
  <system-out/>
  <testcase classname="com.maven.testng.TempClass" name="test" time="0.001"/>
  <system-out/>
  <testcase classname="com.maven.testng.TempClass" name="test" time="0.001"/>
  <system-out/>
  <testcase classname="com.maven.testng.TempClass" name="test" time="0.004"/>
  <system-out/>
  <testcase classname="com.maven.testng.TempClass" name="test" time="0.001"/>
  <system-out/>
  <testcase classname="com.maven.testng.TempClass" name="test" time="0.000"/>
  <system-out/>
</testsuite> <!-- com.maven.testng.TempClass -->
