<?xml version="1.0" encoding="UTF-8"?>
<!-- Generated by org.testng.reporters.JUnitReportReporter -->
<testsuite hostname="DESKTOP-8DPVRQ3" failures="0" tests="5" name="com.maven.testng.VerifyQualificationSkills" time="5.215" errors="0" timestamp="2021-07-29T13:54:02 IST" skipped="0">
  <testcase classname="com.maven.testng.VerifyQualificationSkills" name="verifyAddSkill" time="1.014"/>
  <system-out/>
  <testcase classname="com.maven.testng.VerifyQualificationSkills" name="verifyAddSkill" time="1.006"/>
  <system-out/>
  <testcase classname="com.maven.testng.VerifyQualificationSkills" name="verifyAddSkill" time="1.061"/>
  <system-out/>
  <testcase classname="com.maven.testng.VerifyQualificationSkills" name="verifyAddSkill" time="0.999"/>
  <system-out/>
  <testcase classname="com.maven.testng.VerifyQualificationSkills" name="verifyAddSkill" time="1.135"/>
  <system-out/>
</testsuite> <!-- com.maven.testng.VerifyQualificationSkills -->
