<?xml version="1.0" encoding="UTF-8"?>
<!-- Generated by org.testng.reporters.JUnitReportReporter -->
<testsuite hostname="DESKTOP-8DPVRQ3" failures="0" tests="1" name="com.maven.testng.tests.UserManagementUserSearchTest" time="2.594" errors="0" timestamp="2021-09-05T14:34:20 IST" skipped="0">
  <testcase classname="com.maven.testng.tests.UserManagementUserSearchTest" name="verifyuserCanSearchAllUsersByUsername" time="2.594"/>
  <system-out/>
</testsuite> <!-- com.maven.testng.tests.UserManagementUserSearchTest -->
