<?xml version="1.0" encoding="UTF-8"?>
<!-- Generated by org.testng.reporters.JUnitReportReporter -->
<testsuite hostname="DESKTOP-8DPVRQ3" failures="0" tests="5" name="com.maven.testng.VerifyQualificationSkills" time="6.712" errors="0" timestamp="2021-08-01T11:18:12 IST" skipped="0">
  <testcase classname="com.maven.testng.VerifyQualificationSkills" name="verifyAddSkill" time="1.452"/>
  <system-out/>
  <testcase classname="com.maven.testng.VerifyQualificationSkills" name="verifyAddSkill" time="1.323"/>
  <system-out/>
  <testcase classname="com.maven.testng.VerifyQualificationSkills" name="verifyAddSkill" time="1.187"/>
  <system-out/>
  <testcase classname="com.maven.testng.VerifyQualificationSkills" name="verifyAddSkill" time="1.323"/>
  <system-out/>
  <testcase classname="com.maven.testng.VerifyQualificationSkills" name="verifyAddSkill" time="1.427"/>
  <system-out/>
</testsuite> <!-- com.maven.testng.VerifyQualificationSkills -->
