<?xml version="1.0" encoding="UTF-8"?>
<!-- Generated by org.testng.reporters.JUnitReportReporter -->
<testsuite hostname="DESKTOP-8DPVRQ3" failures="0" tests="1" name="com.maven.testng.VerifyQualificationLanguages" time="3.114" errors="0" timestamp="2021-08-05T17:25:59 IST" skipped="0">
  <testcase classname="com.maven.testng.VerifyQualificationLanguages" name="navigate" time="3.114"/>
  <system-out/>
</testsuite> <!-- com.maven.testng.VerifyQualificationLanguages -->
