<?xml version="1.0" encoding="UTF-8"?>
<!-- Generated by org.testng.reporters.JUnitReportReporter -->
<testsuite hostname="DESKTOP-8DPVRQ3" failures="0" tests="1" name="com.maven.testng.VerifyOrganizationLocations" time="2.550" errors="0" timestamp="2021-07-23T17:28:24 IST" skipped="0">
  <testcase classname="com.maven.testng.VerifyOrganizationLocations" name="verifyAddLocationWithAllDataFields" time="2.550"/>
  <system-out/>
</testsuite> <!-- com.maven.testng.VerifyOrganizationLocations -->
