<?xml version="1.0" encoding="UTF-8"?>
<!-- Generated by org.testng.reporters.JUnitReportReporter -->
<testsuite hostname="DESKTOP-8DPVRQ3" failures="0" tests="1" name="com.maven.testng.page.LoginPage" time="8.334" errors="0" timestamp="2021-09-19T13:04:03 IST" skipped="0">
  <testcase classname="com.maven.testng.page.LoginPage" name="verifyLoginWithCorrectCredentials" time="8.334"/>
  <system-out/>
</testsuite> <!-- com.maven.testng.page.LoginPage -->
