<?xml version="1.0" encoding="UTF-8"?>
<!-- Generated by org.testng.reporters.JUnitReportReporter -->
<testsuite hostname="DESKTOP-8DPVRQ3" failures="0" tests="1" name="com.maven.testng.tests.UserManagementSearchUserTest" time="16.247" errors="0" timestamp="2021-09-26T18:03:42 IST" skipped="0">
  <testcase classname="com.maven.testng.tests.UserManagementSearchUserTest" name="verifyuserCanSearchAllUsersByUsername" time="16.247"/>
  <system-out/>
</testsuite> <!-- com.maven.testng.tests.UserManagementSearchUserTest -->
