<?xml version="1.0" encoding="UTF-8"?>
<!-- Generated by org.testng.reporters.JUnitReportReporter -->
<testsuite hostname="DESKTOP-8DPVRQ3" failures="0" tests="2" name="com.maven.testng.tests.LoginTest" time="12.412" errors="0" timestamp="2021-09-20T09:19:21 IST" skipped="0">
  <testcase classname="com.maven.testng.tests.LoginTest" name="aaa" time="6.494"/>
  <system-out/>
  <testcase classname="com.maven.testng.tests.LoginTest" name="sss" time="5.918"/>
  <system-out/>
</testsuite> <!-- com.maven.testng.tests.LoginTest -->
