<?xml version="1.0" encoding="UTF-8"?>
<!-- Generated by org.testng.reporters.JUnitReportReporter -->
<testsuite hostname="DESKTOP-8DPVRQ3" failures="0" tests="7" name="com.maven.testng.VerifyJobTitlesPage" time="28.588" errors="0" timestamp="2021-07-03T08:16:58 IST" skipped="0">
  <testcase classname="com.maven.testng.VerifyJobTitlesPage" name="verifyAA" time="5.118"/>
  <system-out/>
  <testcase classname="com.maven.testng.VerifyJobTitlesPage" name="verifyAA" time="3.676"/>
  <system-out/>
  <testcase classname="com.maven.testng.VerifyJobTitlesPage" name="verifyAA" time="4.053"/>
  <system-out/>
  <testcase classname="com.maven.testng.VerifyJobTitlesPage" name="verifyAA" time="3.878"/>
  <system-out/>
  <testcase classname="com.maven.testng.VerifyJobTitlesPage" name="verifyAA" time="4.038"/>
  <system-out/>
  <testcase classname="com.maven.testng.VerifyJobTitlesPage" name="verifyAA" time="3.928"/>
  <system-out/>
  <testcase classname="com.maven.testng.VerifyJobTitlesPage" name="verifyAA" time="3.897"/>
  <system-out/>
</testsuite> <!-- com.maven.testng.VerifyJobTitlesPage -->
