<?xml version="1.0" encoding="UTF-8"?>
<!-- Generated by org.testng.reporters.JUnitReportReporter -->
<testsuite hostname="DESKTOP-8DPVRQ3" failures="0" tests="2" name="com.maven.testng.tests.LoginTest" time="17.117" errors="0" timestamp="2021-09-20T10:40:39 IST" skipped="0">
  <testcase classname="com.maven.testng.tests.LoginTest" name="verifyLoginAsInvaliduser" time="6.906"/>
  <system-out/>
  <testcase classname="com.maven.testng.tests.LoginTest" name="verifyLoginAsValidUser" time="10.211"/>
  <system-out/>
</testsuite> <!-- com.maven.testng.tests.LoginTest -->
