<?xml version="1.0" encoding="UTF-8"?>
<!-- Generated by org.testng.reporters.JUnitReportReporter -->
<testsuite hostname="DESKTOP-8DPVRQ3" failures="0" tests="4" name="com.maven.testng.DataDriver" time="0.009" errors="0" timestamp="2021-06-26T09:15:39 IST" skipped="0">
  <testcase classname="com.maven.testng.DataDriver" name="ASest1" time="0.001"/>
  <system-out>
    <![CDATA[Ajith]]>
  </system-out>
  <testcase classname="com.maven.testng.DataDriver" name="ASest1" time="0.001"/>
  <system-out>
    <![CDATA[Sunil]]>
  </system-out>
  <testcase classname="com.maven.testng.DataDriver" name="ASest1" time="0.006"/>
  <system-out>
    <![CDATA[Kamal]]>
  </system-out>
  <testcase classname="com.maven.testng.DataDriver" name="ASest1" time="0.001"/>
  <system-out>
    <![CDATA[Vimal]]>
  </system-out>
</testsuite> <!-- com.maven.testng.DataDriver -->
