<?xml version="1.0" encoding="UTF-8"?>
<!-- Generated by org.testng.reporters.JUnitReportReporter -->
<testsuite hostname="DESKTOP-8DPVRQ3" failures="0" tests="7" name="com.maven.testng.VerifyJobCategories" time="0.030" errors="0" timestamp="2021-07-13T08:44:25 IST" skipped="0">
  <testcase classname="com.maven.testng.VerifyJobCategories" name="verifyAddJobCategory" time="0.001"/>
  <system-out>
Test Job Category 04  </system-out>
  <testcase classname="com.maven.testng.VerifyJobCategories" name="verifyAddJobCategory" time="0.002"/>
  <system-out>
Test Job Category 07  </system-out>
  <testcase classname="com.maven.testng.VerifyJobCategories" name="verifyAddJobCategory" time="0.001"/>
  <system-out>
Test Job Category 02  </system-out>
  <testcase classname="com.maven.testng.VerifyJobCategories" name="verifyAddJobCategory" time="0.002"/>
  <system-out>
Test Job Category 05  </system-out>
  <testcase classname="com.maven.testng.VerifyJobCategories" name="verifyAddJobCategory" time="0.003"/>
  <system-out>
Test Job Category 06  </system-out>
  <testcase classname="com.maven.testng.VerifyJobCategories" name="verifyAddJobCategory" time="0.015"/>
  <system-out>
Test Job Category 01  </system-out>
  <testcase classname="com.maven.testng.VerifyJobCategories" name="verifyAddJobCategory" time="0.006"/>
  <system-out>
Test Job Category 03  </system-out>
</testsuite> <!-- com.maven.testng.VerifyJobCategories -->
