<?xml version="1.0" encoding="UTF-8"?>
<!-- Generated by org.testng.reporters.JUnitReportReporter -->
<testsuite hostname="DESKTOP-8DPVRQ3" failures="0" tests="2" name="com.maven.testng.tests.LoginTest" time="20.514" errors="0" timestamp="2022-03-01T16:17:09 IST" skipped="0">
  <testcase classname="com.maven.testng.tests.LoginTest" name="verifyLoginAsInvaliduser" time="8.804"/>
  <system-out/>
  <testcase classname="com.maven.testng.tests.LoginTest" name="verifyLoginAsValidUser" time="11.710"/>
  <system-out/>
</testsuite> <!-- com.maven.testng.tests.LoginTest -->
