<?xml version="1.0" encoding="UTF-8"?>
<!-- Generated by org.testng.reporters.JUnitReportReporter -->
<testsuite hostname="DESKTOP-8DPVRQ3" failures="0" tests="1" name="com.maven.testng.VerifyJobTitlesPage" time="6.194" errors="0" timestamp="2021-07-10T16:29:00 IST" skipped="0">
  <testcase classname="com.maven.testng.VerifyJobTitlesPage" name="verifyEditJobTitle" time="6.194"/>
  <system-out/>
</testsuite> <!-- com.maven.testng.VerifyJobTitlesPage -->
