<?xml version="1.0" encoding="UTF-8"?>
<!-- Generated by org.testng.reporters.JUnitReportReporter -->
<testsuite hostname="DESKTOP-8DPVRQ3" failures="0" tests="1" name="com.maven.testng.VerifyQualificationSkills" time="3.188" errors="0" timestamp="2021-07-27T08:06:13 IST" skipped="0">
  <testcase classname="com.maven.testng.VerifyQualificationSkills" name="aaa" time="3.188"/>
  <system-out/>
</testsuite> <!-- com.maven.testng.VerifyQualificationSkills -->
