<?xml version="1.0" encoding="UTF-8"?>
<!-- Generated by org.testng.reporters.JUnitReportReporter -->
<testsuite hostname="DESKTOP-8DPVRQ3" failures="0" tests="2" name="com.maven.testng.VerifyLoginTest" time="7.005" errors="0" timestamp="2021-08-22T16:14:56 IST" skipped="0">
  <testcase classname="com.maven.testng.VerifyLoginTest" name="verifyLoginErrorMessage" time="1.406"/>
  <system-out/>
  <testcase classname="com.maven.testng.VerifyLoginTest" name="verifyLoginWithCorrectCredentials" time="5.599"/>
  <system-out/>
</testsuite> <!-- com.maven.testng.VerifyLoginTest -->
