<?xml version="1.0" encoding="UTF-8"?>
<!-- Generated by org.testng.reporters.JUnitReportReporter -->
<testsuite hostname="DESKTOP-8DPVRQ3" failures="0" tests="1" name="com.maven.testng.VerifyQualificationLicenses" time="1.083" errors="0" timestamp="2021-08-04T20:57:50 IST" skipped="0">
  <testcase classname="com.maven.testng.VerifyQualificationLicenses" name="VerifyAddLicense" time="1.083"/>
  <system-out/>
</testsuite> <!-- com.maven.testng.VerifyQualificationLicenses -->
