<?xml version="1.0" encoding="UTF-8"?>
<!-- Generated by org.testng.reporters.JUnitReportReporter -->
<testsuite hostname="DESKTOP-8DPVRQ3" failures="0" tests="1" name="com.maven.testng.tests.UserManagementUserSearchTest" time="3.341" errors="0" timestamp="2021-09-04T17:58:50 IST" skipped="0">
  <testcase classname="com.maven.testng.tests.UserManagementUserSearchTest" name="verifyUserManagementSearch" time="3.341"/>
  <system-out/>
</testsuite> <!-- com.maven.testng.tests.UserManagementUserSearchTest -->
