<?xml version="1.0" encoding="UTF-8"?>
<!-- Generated by org.testng.reporters.JUnitReportReporter -->
<testsuite hostname="DESKTOP-8DPVRQ3" failures="0" tests="5" name="com.maven.testng.VerifyWorkShifts" time="7.812" errors="0" timestamp="2021-08-22T15:44:27 IST" skipped="0">
  <testcase classname="com.maven.testng.VerifyWorkShifts" name="verifyAddWorkShifts" time="1.626"/>
  <system-out/>
  <testcase classname="com.maven.testng.VerifyWorkShifts" name="verifyAddWorkShifts" time="1.556"/>
  <system-out/>
  <testcase classname="com.maven.testng.VerifyWorkShifts" name="verifyAddWorkShifts" time="1.482"/>
  <system-out/>
  <testcase classname="com.maven.testng.VerifyWorkShifts" name="verifyAddWorkShifts" time="1.559"/>
  <system-out/>
  <testcase classname="com.maven.testng.VerifyWorkShifts" name="verifyAddWorkShifts" time="1.589"/>
  <system-out/>
</testsuite> <!-- com.maven.testng.VerifyWorkShifts -->
