<?xml version="1.0" encoding="UTF-8"?>
<!-- Generated by org.testng.reporters.JUnitReportReporter -->
<testsuite hostname="DESKTOP-8DPVRQ3" failures="0" tests="5" name="com.maven.testng.TempClass" time="0.015" errors="0" timestamp="2021-07-16T09:06:20 IST" skipped="0">
  <testcase classname="com.maven.testng.TempClass" name="test" time="0.001"/>
  <system-out/>
  <testcase classname="com.maven.testng.TempClass" name="test" time="0.009"/>
  <system-out/>
  <testcase classname="com.maven.testng.TempClass" name="test" time="0.001"/>
  <system-out/>
  <testcase classname="com.maven.testng.TempClass" name="test" time="0.002"/>
  <system-out/>
  <testcase classname="com.maven.testng.TempClass" name="test" time="0.002"/>
  <system-out/>
</testsuite> <!-- com.maven.testng.TempClass -->
