<?xml version="1.0" encoding="UTF-8"?>
<!-- Generated by org.testng.reporters.JUnitReportReporter -->
<testsuite hostname="DESKTOP-8DPVRQ3" failures="0" tests="7" name="com.maven.testng.VerifyJobTitlesPage" time="0.012" errors="0" timestamp="2021-07-02T21:01:48 IST" skipped="0">
  <testcase classname="com.maven.testng.VerifyJobTitlesPage" name="verifyAA" time="0.002"/>
  <system-out/>
  <testcase classname="com.maven.testng.VerifyJobTitlesPage" name="verifyAA" time="0.002"/>
  <system-out/>
  <testcase classname="com.maven.testng.VerifyJobTitlesPage" name="verifyAA" time="0.001"/>
  <system-out/>
  <testcase classname="com.maven.testng.VerifyJobTitlesPage" name="verifyAA" time="0.005"/>
  <system-out/>
  <testcase classname="com.maven.testng.VerifyJobTitlesPage" name="verifyAA" time="0.001"/>
  <system-out/>
  <testcase classname="com.maven.testng.VerifyJobTitlesPage" name="verifyAA" time="0.001"/>
  <system-out/>
  <testcase classname="com.maven.testng.VerifyJobTitlesPage" name="verifyAA" time="0.000"/>
  <system-out/>
</testsuite> <!-- com.maven.testng.VerifyJobTitlesPage -->
