<?xml version="1.0" encoding="UTF-8"?>
<!-- Generated by org.testng.reporters.JUnitReportReporter -->
<testsuite hostname="DESKTOP-8DPVRQ3" failures="0" tests="1" name="com.maven.testng.VerifyQualificationMemberships" time="1.102" errors="0" timestamp="2021-08-08T10:46:32 IST" skipped="0">
  <testcase classname="com.maven.testng.VerifyQualificationMemberships" name="VerifyAddMemberships" time="1.102"/>
  <system-out/>
</testsuite> <!-- com.maven.testng.VerifyQualificationMemberships -->
