<?xml version="1.0" encoding="UTF-8"?>
<!-- Generated by org.testng.reporters.JUnitReportReporter -->
<testsuite hostname="DESKTOP-8DPVRQ3" failures="0" tests="1" name="com.maven.testng.VerifyQualificationLanguages" time="0.061" errors="0" timestamp="2021-08-06T15:16:20 IST" skipped="0">
  <testcase classname="com.maven.testng.VerifyQualificationLanguages" name="VerifyAddLanguage" time="0.061"/>
  <system-out/>
</testsuite> <!-- com.maven.testng.VerifyQualificationLanguages -->
