<?xml version="1.0" encoding="UTF-8"?>
<!-- Generated by org.testng.reporters.JUnitReportReporter -->
<testsuite hostname="DESKTOP-8DPVRQ3" failures="0" tests="6" name="com.maven.testng.VerifyPayGrades" time="0.009" errors="0" timestamp="2021-06-27T15:13:18 IST" skipped="0">
  <testcase classname="com.maven.testng.VerifyPayGrades" name="verifyAddPayGrades" time="0.001"/>
  <system-out/>
  <testcase classname="com.maven.testng.VerifyPayGrades" name="verifyAddPayGrades" time="0.001"/>
  <system-out/>
  <testcase classname="com.maven.testng.VerifyPayGrades" name="verifyAddPayGrades" time="0.001"/>
  <system-out/>
  <testcase classname="com.maven.testng.VerifyPayGrades" name="verifyAddPayGrades" time="0.000"/>
  <system-out/>
  <testcase classname="com.maven.testng.VerifyPayGrades" name="verifyAddPayGrades" time="0.005"/>
  <system-out/>
  <testcase classname="com.maven.testng.VerifyPayGrades" name="verifyAddPayGrades" time="0.001"/>
  <system-out/>
</testsuite> <!-- com.maven.testng.VerifyPayGrades -->
