<?xml version="1.0" encoding="UTF-8"?>
<!-- Generated by org.testng.reporters.JUnitReportReporter -->
<testsuite hostname="DESKTOP-8DPVRQ3" failures="0" tests="1" name="com.maven.testng.VerifyQualificationLicenses" time="0.984" errors="0" timestamp="2021-08-03T13:59:39 IST" skipped="0">
  <testcase classname="com.maven.testng.VerifyQualificationLicenses" name="VerifyAddLicense" time="0.984"/>
  <system-out/>
</testsuite> <!-- com.maven.testng.VerifyQualificationLicenses -->
