<?xml version="1.0" encoding="UTF-8"?>
<!-- Generated by org.testng.reporters.JUnitReportReporter -->
<testsuite hostname="DESKTOP-8DPVRQ3" failures="0" tests="1" name="com.maven.testng.VerifyWorkShifts" time="0.508" errors="0" timestamp="2021-07-15T10:49:34 IST" skipped="0">
  <testcase classname="com.maven.testng.VerifyWorkShifts" name="test1" time="0.508"/>
  <system-out/>
</testsuite> <!-- com.maven.testng.VerifyWorkShifts -->
