<?xml version="1.0" encoding="UTF-8"?>
<!-- Generated by org.testng.reporters.JUnitReportReporter -->
<testsuite hostname="DESKTOP-8DPVRQ3" failures="0" tests="1" name="com.maven.testng.VerifyQualificationEducation" time="1.113" errors="0" timestamp="2021-07-31T15:25:32 IST" skipped="0">
  <testcase classname="com.maven.testng.VerifyQualificationEducation" name="verifyAddEducation" time="1.113"/>
  <system-out/>
</testsuite> <!-- com.maven.testng.VerifyQualificationEducation -->
