<?xml version="1.0" encoding="UTF-8"?>
<!-- Generated by org.testng.reporters.JUnitReportReporter -->
<testsuite hostname="DESKTOP-8DPVRQ3" failures="0" tests="1" name="com.maven.testng.VerifyQualificationSkills" time="2.223" errors="0" timestamp="2021-07-28T11:51:25 IST" skipped="0">
  <testcase classname="com.maven.testng.VerifyQualificationSkills" name="verifyAddSkill" time="2.223"/>
  <system-out/>
</testsuite> <!-- com.maven.testng.VerifyQualificationSkills -->
