<?xml version="1.0" encoding="UTF-8"?>
<!-- Generated by org.testng.reporters.JUnitReportReporter -->
<testsuite hostname="DESKTOP-8DPVRQ3" failures="0" tests="6" name="com.maven.testng.VerifyEmploymentStatus" time="0.009" errors="0" timestamp="2021-07-11T16:15:33 IST" skipped="0">
  <testcase classname="com.maven.testng.VerifyEmploymentStatus" name="verifyAddEmploymentStatus" time="0.001"/>
  <system-out/>
  <testcase classname="com.maven.testng.VerifyEmploymentStatus" name="verifyAddEmploymentStatus" time="0.002"/>
  <system-out/>
  <testcase classname="com.maven.testng.VerifyEmploymentStatus" name="verifyAddEmploymentStatus" time="0.002"/>
  <system-out/>
  <testcase classname="com.maven.testng.VerifyEmploymentStatus" name="verifyAddEmploymentStatus" time="0.001"/>
  <system-out/>
  <testcase classname="com.maven.testng.VerifyEmploymentStatus" name="verifyAddEmploymentStatus" time="0.002"/>
  <system-out/>
  <testcase classname="com.maven.testng.VerifyEmploymentStatus" name="verifyAddEmploymentStatus" time="0.001"/>
  <system-out/>
</testsuite> <!-- com.maven.testng.VerifyEmploymentStatus -->
