<?xml version="1.0" encoding="UTF-8"?>
<!-- Generated by org.testng.reporters.JUnitReportReporter -->
<testsuite hostname="DESKTOP-8DPVRQ3" failures="0" tests="6" name="com.maven.testng.VerifyOrganizationLocations" time="14.285" errors="0" timestamp="2021-07-26T19:49:34 IST" skipped="0">
  <testcase classname="com.maven.testng.VerifyOrganizationLocations" name="verifyAddLocationOnlyWithMandatoryData" time="2.258"/>
  <system-out/>
  <testcase classname="com.maven.testng.VerifyOrganizationLocations" name="verifyAddLocationWithAllDataFields" time="2.319"/>
  <system-out/>
  <testcase classname="com.maven.testng.VerifyOrganizationLocations" name="verifyAddLocationWithAllDataFields" time="2.404"/>
  <system-out/>
  <testcase classname="com.maven.testng.VerifyOrganizationLocations" name="verifyAddLocationWithAllDataFields" time="2.308"/>
  <system-out/>
  <testcase classname="com.maven.testng.VerifyOrganizationLocations" name="verifyAddLocationWithAllDataFields" time="2.621"/>
  <system-out/>
  <testcase classname="com.maven.testng.VerifyOrganizationLocations" name="verifyAddLocationWithAllDataFields" time="2.375"/>
  <system-out/>
</testsuite> <!-- com.maven.testng.VerifyOrganizationLocations -->
