<?xml version="1.0" encoding="UTF-8"?>
<!-- Generated by org.testng.reporters.JUnitReportReporter -->
<testsuite hostname="DESKTOP-8DPVRQ3" failures="0" tests="6" name="com.maven.testng.VerifyEmploymentStatus" time="6.508" errors="0" timestamp="2021-07-11T16:45:08 IST" skipped="0">
  <testcase classname="com.maven.testng.VerifyEmploymentStatus" name="verifyAddEmploymentStatus" time="1.084"/>
  <system-out/>
  <testcase classname="com.maven.testng.VerifyEmploymentStatus" name="verifyAddEmploymentStatus" time="1.086"/>
  <system-out/>
  <testcase classname="com.maven.testng.VerifyEmploymentStatus" name="verifyAddEmploymentStatus" time="1.065"/>
  <system-out/>
  <testcase classname="com.maven.testng.VerifyEmploymentStatus" name="verifyAddEmploymentStatus" time="1.101"/>
  <system-out/>
  <testcase classname="com.maven.testng.VerifyEmploymentStatus" name="verifyAddEmploymentStatus" time="1.079"/>
  <system-out/>
  <testcase classname="com.maven.testng.VerifyEmploymentStatus" name="verifyAddEmploymentStatus" time="1.093"/>
  <system-out/>
</testsuite> <!-- com.maven.testng.VerifyEmploymentStatus -->
