<?xml version="1.0" encoding="UTF-8"?>
<!-- Generated by org.testng.reporters.JUnitReportReporter -->
<testsuite hostname="DESKTOP-8DPVRQ3" failures="0" tests="14" name="com.maven.testng.VerifyJobTitlesPage" time="71.122" errors="0" timestamp="2021-07-10T16:37:56 IST" skipped="0">
  <testcase classname="com.maven.testng.VerifyJobTitlesPage" name="verifyAddJobTitle" time="4.840"/>
  <system-out/>
  <testcase classname="com.maven.testng.VerifyJobTitlesPage" name="verifyAddJobTitle" time="3.996"/>
  <system-out/>
  <testcase classname="com.maven.testng.VerifyJobTitlesPage" name="verifyAddJobTitle" time="4.690"/>
  <system-out/>
  <testcase classname="com.maven.testng.VerifyJobTitlesPage" name="verifyAddJobTitle" time="5.155"/>
  <system-out/>
  <testcase classname="com.maven.testng.VerifyJobTitlesPage" name="verifyAddJobTitle" time="4.171"/>
  <system-out/>
  <testcase classname="com.maven.testng.VerifyJobTitlesPage" name="verifyAddJobTitle" time="6.366"/>
  <system-out/>
  <testcase classname="com.maven.testng.VerifyJobTitlesPage" name="verifyAddJobTitle" time="3.657"/>
  <system-out/>
  <testcase classname="com.maven.testng.VerifyJobTitlesPage" name="verifyEditJobTitle" time="4.925"/>
  <system-out/>
  <testcase classname="com.maven.testng.VerifyJobTitlesPage" name="verifyEditJobTitle" time="5.807"/>
  <system-out/>
  <testcase classname="com.maven.testng.VerifyJobTitlesPage" name="verifyEditJobTitle" time="5.194"/>
  <system-out/>
  <testcase classname="com.maven.testng.VerifyJobTitlesPage" name="verifyEditJobTitle" time="4.350"/>
  <system-out/>
  <testcase classname="com.maven.testng.VerifyJobTitlesPage" name="verifyEditJobTitle" time="6.099"/>
  <system-out/>
  <testcase classname="com.maven.testng.VerifyJobTitlesPage" name="verifyEditJobTitle" time="4.469"/>
  <system-out/>
  <testcase classname="com.maven.testng.VerifyJobTitlesPage" name="verifyEditJobTitle" time="7.403"/>
  <system-out/>
</testsuite> <!-- com.maven.testng.VerifyJobTitlesPage -->
