<?xml version="1.0" encoding="UTF-8"?>
<!-- Generated by org.testng.reporters.JUnitReportReporter -->
<testsuite hostname="DESKTOP-8DPVRQ3" failures="0" tests="5" name="com.maven.testng.VerifyQualificationSkills" time="6.109" errors="0" timestamp="2021-07-31T17:55:17 IST" skipped="0">
  <testcase classname="com.maven.testng.VerifyQualificationSkills" name="verifyAddSkill" time="1.287"/>
  <system-out/>
  <testcase classname="com.maven.testng.VerifyQualificationSkills" name="verifyAddSkill" time="1.191"/>
  <system-out/>
  <testcase classname="com.maven.testng.VerifyQualificationSkills" name="verifyAddSkill" time="1.308"/>
  <system-out/>
  <testcase classname="com.maven.testng.VerifyQualificationSkills" name="verifyAddSkill" time="1.145"/>
  <system-out/>
  <testcase classname="com.maven.testng.VerifyQualificationSkills" name="verifyAddSkill" time="1.178"/>
  <system-out/>
</testsuite> <!-- com.maven.testng.VerifyQualificationSkills -->
