<?xml version="1.0" encoding="UTF-8"?>
<!-- Generated by org.testng.reporters.JUnitReportReporter -->
<testsuite hostname="DESKTOP-8DPVRQ3" failures="0" tests="1" name="com.maven.testng.tests.UserManagementSearchUserTest" time="15.235" errors="0" timestamp="2021-10-02T13:58:01 IST" skipped="0">
  <testcase classname="com.maven.testng.tests.UserManagementSearchUserTest" name="verifyuserCanSearchAnyUsersByUsername" time="15.235"/>
  <system-out>
No records found  </system-out>
</testsuite> <!-- com.maven.testng.tests.UserManagementSearchUserTest -->
