<?xml version="1.0" encoding="UTF-8"?>
<!-- Generated by org.testng.reporters.JUnitReportReporter -->
<testsuite hostname="DESKTOP-8DPVRQ3" failures="0" tests="1" name="com.maven.testng.VerifyQualificationEducation" time="0.063" errors="0" timestamp="2021-07-30T08:23:38 IST" skipped="0">
  <testcase classname="com.maven.testng.VerifyQualificationEducation" name="aaa" time="0.063"/>
  <system-out/>
</testsuite> <!-- com.maven.testng.VerifyQualificationEducation -->
