<?xml version="1.0" encoding="UTF-8"?>
<!-- Generated by org.testng.reporters.JUnitReportReporter -->
<testsuite hostname="DESKTOP-8DPVRQ3" failures="0" tests="9" name="com.maven.testng.DataDriver" time="0.014" errors="0" timestamp="2021-06-27T12:29:57 IST" skipped="0">
  <testcase classname="com.maven.testng.DataDriver" name="ASest1" time="0.005"/>
  <system-out>
    <![CDATA[Kamal]]>
  </system-out>
  <testcase classname="com.maven.testng.DataDriver" name="ASest1" time="0.001"/>
  <system-out>
    <![CDATA[Sunil]]>
  </system-out>
  <testcase classname="com.maven.testng.DataDriver" name="zzz" time="0.001"/>
  <system-out/>
  <testcase classname="com.maven.testng.DataDriver" name="zzz" time="0.003"/>
  <system-out/>
  <testcase classname="com.maven.testng.DataDriver" name="zzz" time="0.000"/>
  <system-out/>
  <testcase classname="com.maven.testng.DataDriver" name="zzz" time="0.001"/>
  <system-out/>
  <testcase classname="com.maven.testng.DataDriver" name="ASest1" time="0.001"/>
  <system-out>
    <![CDATA[Vimal]]>
  </system-out>
  <testcase classname="com.maven.testng.DataDriver" name="ASest1" time="0.001"/>
  <system-out>
    <![CDATA[Ajith]]>
  </system-out>
  <testcase classname="com.maven.testng.DataDriver" name="zzz" time="0.001"/>
  <system-out/>
</testsuite> <!-- com.maven.testng.DataDriver -->
