<?xml version="1.0" encoding="UTF-8"?>
<!-- Generated by org.testng.reporters.JUnitReportReporter -->
<testsuite hostname="DESKTOP-8DPVRQ3" failures="0" tests="1" name="com.maven.testng.VerifyLogin" time="6.323" errors="0" timestamp="2021-06-19T07:41:12 IST" skipped="0">
  <testcase classname="com.maven.testng.VerifyLogin" name="verifyLoginwithCorrectCredentials" time="6.323"/>
  <system-out/>
</testsuite> <!-- com.maven.testng.VerifyLogin -->
