<?xml version="1.0" encoding="UTF-8"?>
<!-- Generated by org.testng.reporters.JUnitReportReporter -->
<testsuite hostname="DESKTOP-8DPVRQ3" failures="0" tests="1" name="com.maven.testng.VerifyJobCategories" time="0.001" errors="0" timestamp="2021-07-12T16:14:25 IST" skipped="0">
  <testcase classname="com.maven.testng.VerifyJobCategories" name="test" time="0.001"/>
  <system-out/>
</testsuite> <!-- com.maven.testng.VerifyJobCategories -->
