<?xml version="1.0" encoding="UTF-8"?>
<!-- Generated by org.testng.reporters.JUnitReportReporter -->
<testsuite hostname="DESKTOP-8DPVRQ3" failures="0" tests="5" name="com.maven.testng.VerifyWorkShifts" time="21.283" errors="0" timestamp="2021-07-18T10:25:34 IST" skipped="0">
  <testcase classname="com.maven.testng.VerifyWorkShifts" name="test1" time="4.094"/>
  <system-out/>
  <testcase classname="com.maven.testng.VerifyWorkShifts" name="test1" time="4.644"/>
  <system-out/>
  <testcase classname="com.maven.testng.VerifyWorkShifts" name="test1" time="4.188"/>
  <system-out/>
  <testcase classname="com.maven.testng.VerifyWorkShifts" name="test1" time="4.043"/>
  <system-out/>
  <testcase classname="com.maven.testng.VerifyWorkShifts" name="test1" time="4.314"/>
  <system-out/>
</testsuite> <!-- com.maven.testng.VerifyWorkShifts -->
