<?xml version="1.0" encoding="UTF-8"?>
<!-- Generated by org.testng.reporters.JUnitReportReporter -->
<testsuite hostname="DESKTOP-8DPVRQ3" failures="0" tests="1" name="com.maven.testng.VerifyUserManagementPage" time="6.903" errors="0" timestamp="2021-06-22T19:39:33 IST" skipped="0">
  <testcase classname="com.maven.testng.VerifyUserManagementPage" name="verifyAddUserAdmin" time="6.903"/>
  <system-out/>
</testsuite> <!-- com.maven.testng.VerifyUserManagementPage -->
