<?xml version="1.0" encoding="UTF-8"?>
<!-- Generated by org.testng.reporters.JUnitReportReporter -->
<testsuite hostname="DESKTOP-8DPVRQ3" failures="0" tests="6" name="com.maven.testng.VerifyQualificationSkills" time="0.012" errors="0" timestamp="2021-07-29T13:40:03 IST" skipped="0">
  <testcase classname="com.maven.testng.VerifyQualificationSkills" name="dd" time="0.001"/>
  <system-out/>
  <testcase classname="com.maven.testng.VerifyQualificationSkills" name="dd" time="0.001"/>
  <system-out/>
  <testcase classname="com.maven.testng.VerifyQualificationSkills" name="dd" time="0.001"/>
  <system-out/>
  <testcase classname="com.maven.testng.VerifyQualificationSkills" name="dd" time="0.001"/>
  <system-out/>
  <testcase classname="com.maven.testng.VerifyQualificationSkills" name="dd" time="0.001"/>
  <system-out/>
  <testcase classname="com.maven.testng.VerifyQualificationSkills" name="dd" time="0.007"/>
  <system-out/>
</testsuite> <!-- com.maven.testng.VerifyQualificationSkills -->
