<?xml version="1.0" encoding="UTF-8"?>
<!-- Generated by org.testng.reporters.JUnitReportReporter -->
<testsuite hostname="DESKTOP-8DPVRQ3" failures="0" tests="5" name="com.maven.testng.VerifyUserManagementPage" time="0.008" errors="0" timestamp="2021-06-30T12:31:10 IST" skipped="0">
  <testcase classname="com.maven.testng.VerifyUserManagementPage" name="test" time="0.000"/>
  <system-out/>
  <testcase classname="com.maven.testng.VerifyUserManagementPage" name="test" time="0.001"/>
  <system-out/>
  <testcase classname="com.maven.testng.VerifyUserManagementPage" name="test" time="0.001"/>
  <system-out/>
  <testcase classname="com.maven.testng.VerifyUserManagementPage" name="test" time="0.001"/>
  <system-out/>
  <testcase classname="com.maven.testng.VerifyUserManagementPage" name="test" time="0.005"/>
  <system-out/>
</testsuite> <!-- com.maven.testng.VerifyUserManagementPage -->
