<?xml version="1.0" encoding="UTF-8"?>
<!-- Generated by org.testng.reporters.JUnitReportReporter -->
<testsuite hostname="DESKTOP-8DPVRQ3" failures="0" tests="2" name="com.maven.testng.tests.LoginTest" time="12.981" errors="0" timestamp="2021-09-19T18:36:09 IST" skipped="0">
  <testcase classname="com.maven.testng.tests.LoginTest" name="aaa" time="8.156"/>
  <system-out/>
  <testcase classname="com.maven.testng.tests.LoginTest" name="sss" time="4.825"/>
  <system-out/>
</testsuite> <!-- com.maven.testng.tests.LoginTest -->
