<?xml version="1.0" encoding="UTF-8"?>
<!-- Generated by org.testng.reporters.JUnitReportReporter -->
<testsuite hostname="DESKTOP-8DPVRQ3" failures="0" tests="2" name="com.maven.testng.VerifyLoginTest" time="5.841" errors="0" timestamp="2021-07-14T09:27:03 IST" skipped="0">
  <testcase classname="com.maven.testng.VerifyLoginTest" name="verifyLoginErrorMessage" time="1.278"/>
  <system-out/>
  <testcase classname="com.maven.testng.VerifyLoginTest" name="verifyLoginWithCorrectCredentials" time="4.563"/>
  <system-out/>
</testsuite> <!-- com.maven.testng.VerifyLoginTest -->
