<?xml version="1.0" encoding="UTF-8"?>
<!-- Generated by org.testng.reporters.JUnitReportReporter -->
<testsuite hostname="DESKTOP-8DPVRQ3" failures="0" tests="2" name="com.maven.testng.VerifyLoginTest" time="5.780" errors="0" timestamp="2021-07-03T19:30:17 IST" skipped="0">
  <testcase classname="com.maven.testng.VerifyLoginTest" name="verifyLoginErrorMessage" time="1.467"/>
  <system-out/>
  <testcase classname="com.maven.testng.VerifyLoginTest" name="verifyLoginWithCorrectCredentials" time="4.313"/>
  <system-out/>
</testsuite> <!-- com.maven.testng.VerifyLoginTest -->
