<?xml version="1.0" encoding="UTF-8"?>
<!-- Generated by org.testng.reporters.JUnitReportReporter -->
<testsuite hostname="DESKTOP-8DPVRQ3" failures="0" tests="1" name="com.maven.testng.tests.UserManagementUserSearchTest" time="2.728" errors="0" timestamp="2021-08-29T12:14:03 IST" skipped="0">
  <testcase classname="com.maven.testng.tests.UserManagementUserSearchTest" name="verifyUserManagementSearch" time="2.728"/>
  <system-out/>
</testsuite> <!-- com.maven.testng.tests.UserManagementUserSearchTest -->
