<?xml version="1.0" encoding="UTF-8"?>
<!-- Generated by org.testng.reporters.JUnitReportReporter -->
<testsuite hostname="DESKTOP-8DPVRQ3" failures="0" tests="2" name="com.maven.testng.tests.LoginTest" time="18.037" errors="0" timestamp="2021-09-26T13:56:03 IST" skipped="0">
  <testcase classname="com.maven.testng.tests.LoginTest" name="verifyLoginAsInvaliduser" time="7.535"/>
  <system-out/>
  <testcase classname="com.maven.testng.tests.LoginTest" name="verifyLoginAsValidUser" time="10.502"/>
  <system-out/>
</testsuite> <!-- com.maven.testng.tests.LoginTest -->
