<?xml version="1.0" encoding="UTF-8"?>
<!-- Generated by org.testng.reporters.JUnitReportReporter -->
<testsuite hostname="DESKTOP-8DPVRQ3" failures="0" tests="6" name="com.maven.testng.VerifyEmploymentStatus" time="9.063" errors="0" timestamp="2021-07-11T16:29:35 IST" skipped="0">
  <testcase classname="com.maven.testng.VerifyEmploymentStatus" name="verifyAddEmploymentStatus" time="1.614"/>
  <system-out/>
  <testcase classname="com.maven.testng.VerifyEmploymentStatus" name="verifyAddEmploymentStatus" time="1.338"/>
  <system-out/>
  <testcase classname="com.maven.testng.VerifyEmploymentStatus" name="verifyAddEmploymentStatus" time="1.528"/>
  <system-out/>
  <testcase classname="com.maven.testng.VerifyEmploymentStatus" name="verifyAddEmploymentStatus" time="1.591"/>
  <system-out/>
  <testcase classname="com.maven.testng.VerifyEmploymentStatus" name="verifyAddEmploymentStatus" time="1.440"/>
  <system-out/>
  <testcase classname="com.maven.testng.VerifyEmploymentStatus" name="verifyAddEmploymentStatus" time="1.552"/>
  <system-out/>
</testsuite> <!-- com.maven.testng.VerifyEmploymentStatus -->
