<?xml version="1.0" encoding="UTF-8"?>
<!-- Generated by org.testng.reporters.JUnitReportReporter -->
<testsuite hostname="DESKTOP-8DPVRQ3" failures="0" tests="1" name="com.maven.testng.VerifyQualificationEducation" time="1.145" errors="0" timestamp="2021-08-01T11:18:12 IST" skipped="0">
  <testcase classname="com.maven.testng.VerifyQualificationEducation" name="AddEducation" time="1.145"/>
  <system-out/>
</testsuite> <!-- com.maven.testng.VerifyQualificationEducation -->
