<?xml version="1.0" encoding="UTF-8"?>
<!-- Generated by org.testng.reporters.JUnitReportReporter -->
<testsuite hostname="DESKTOP-8DPVRQ3" failures="0" tests="2" name="com.maven.testng.tests.LoginTest" time="20.553" errors="0" timestamp="2021-09-26T17:36:11 IST" skipped="0">
  <testcase classname="com.maven.testng.tests.LoginTest" name="verifyLoginAsInvaliduser" time="8.491"/>
  <system-out/>
  <testcase classname="com.maven.testng.tests.LoginTest" name="verifyLoginAsValidUser" time="12.062"/>
  <system-out/>
</testsuite> <!-- com.maven.testng.tests.LoginTest -->
