<?xml version="1.0" encoding="UTF-8"?>
<!-- Generated by org.testng.reporters.JUnitReportReporter -->
<testsuite hostname="DESKTOP-8DPVRQ3" failures="0" tests="1" name="com.maven.testng.VerifyQualificationMemberships" time="1.203" errors="0" timestamp="2021-08-09T19:56:04 IST" skipped="0">
  <testcase classname="com.maven.testng.VerifyQualificationMemberships" name="VerifyAddMemberships" time="1.203"/>
  <system-out/>
</testsuite> <!-- com.maven.testng.VerifyQualificationMemberships -->
