<?xml version="1.0" encoding="UTF-8"?>
<!-- Generated by org.testng.reporters.JUnitReportReporter -->
<testsuite hostname="DESKTOP-8DPVRQ3" failures="0" tests="3" name="com.maven.testng.VerifyUserManagementPage" time="23.544" errors="0" timestamp="2021-08-22T16:14:56 IST" skipped="0">
  <testcase classname="com.maven.testng.VerifyUserManagementPage" name="addUser" time="8.123"/>
  <system-out/>
  <testcase classname="com.maven.testng.VerifyUserManagementPage" name="addUser" time="7.408"/>
  <system-out/>
  <testcase classname="com.maven.testng.VerifyUserManagementPage" name="addUser" time="8.013"/>
  <system-out/>
</testsuite> <!-- com.maven.testng.VerifyUserManagementPage -->
