<?xml version="1.0" encoding="UTF-8"?>
<!-- Generated by org.testng.reporters.JUnitReportReporter -->
<testsuite hostname="DESKTOP-8DPVRQ3" failures="0" tests="1" name="com.maven.testng.VerifyOrganizationLocations" time="1.541" errors="0" timestamp="2021-07-23T10:50:05 IST" skipped="0">
  <testcase classname="com.maven.testng.VerifyOrganizationLocations" name="verifyAddLocationWithAllDataFields" time="1.541"/>
  <system-out/>
</testsuite> <!-- com.maven.testng.VerifyOrganizationLocations -->
