<?xml version="1.0" encoding="UTF-8"?>
<!-- Generated by org.testng.reporters.JUnitReportReporter -->
<testsuite hostname="DESKTOP-8DPVRQ3" failures="0" tests="1" name="com.maven.testng.VerifyUserManagementPage" time="7.897" errors="0" timestamp="2021-08-22T16:12:26 IST" skipped="0">
  <testcase classname="com.maven.testng.VerifyUserManagementPage" name="addUser" time="7.897"/>
  <system-out/>
</testsuite> <!-- com.maven.testng.VerifyUserManagementPage -->
