<?xml version="1.0" encoding="UTF-8"?>
<!-- Generated by org.testng.reporters.JUnitReportReporter -->
<testsuite hostname="DESKTOP-8DPVRQ3" failures="0" tests="2" name="com.maven.testng.VerifyLoginTest" time="6.826" errors="0" timestamp="2021-08-01T11:18:12 IST" skipped="0">
  <testcase classname="com.maven.testng.VerifyLoginTest" name="verifyLoginErrorMessage" time="1.581"/>
  <system-out/>
  <testcase classname="com.maven.testng.VerifyLoginTest" name="verifyLoginWithCorrectCredentials" time="5.245"/>
  <system-out/>
</testsuite> <!-- com.maven.testng.VerifyLoginTest -->
