<?xml version="1.0" encoding="UTF-8"?>
<!-- Generated by org.testng.reporters.JUnitReportReporter -->
<testsuite hostname="DESKTOP-8DPVRQ3" failures="0" tests="1" name="com.maven.testng.VerifyQualificationLicenses" time="3.432" errors="0" timestamp="2021-08-02T12:23:18 IST" skipped="0">
  <testcase classname="com.maven.testng.VerifyQualificationLicenses" name="aaa" time="3.432"/>
  <system-out/>
</testsuite> <!-- com.maven.testng.VerifyQualificationLicenses -->
