<?xml version="1.0" encoding="UTF-8"?>
<!-- Generated by org.testng.reporters.JUnitReportReporter -->
<testsuite hostname="DESKTOP-8DPVRQ3" failures="0" tests="1" name="com.maven.testng.VerifyOrganizationLocations" time="2.143" errors="0" timestamp="2021-07-21T09:52:40 IST" skipped="0">
  <testcase classname="com.maven.testng.VerifyOrganizationLocations" name="verifyAddLocationOnlyWithMandatoryData" time="2.143"/>
  <system-out/>
</testsuite> <!-- com.maven.testng.VerifyOrganizationLocations -->
