<?xml version="1.0" encoding="UTF-8"?>
<!-- Generated by org.testng.reporters.JUnitReportReporter -->
<testsuite hostname="DESKTOP-8DPVRQ3" failures="0" tests="3" name="com.maven.testng.VerifyLoginTest" time="6.586" errors="1" timestamp="2021-07-15T10:49:34 IST" skipped="0">
  <testcase classname="com.maven.testng.VerifyLoginTest" name="closeBrowser" time="0.006">
    <error type="java.lang.StackOverflowError">
      <![CDATA[java.lang.StackOverflowError
at com.maven.testng.VerifyLoginTest.closeBrowser(VerifyLoginTest.java:58)
at com.maven.testng.VerifyLoginTest.closeBrowser(VerifyLoginTest.java:58)
at com.maven.testng.VerifyLoginTest.closeBrowser(VerifyLoginTest.java:58)
at com.maven.testng.VerifyLoginTest.closeBrowser(VerifyLoginTest.java:58)
at com.maven.testng.VerifyLoginTest.closeBrowser(VerifyLoginTest.java:58)
at com.maven.testng.VerifyLoginTest.closeBrowser(VerifyLoginTest.java:58)
at com.maven.testng.VerifyLoginTest.closeBrowser(VerifyLoginTest.java:58)
at com.maven.testng.VerifyLoginTest.closeBrowser(VerifyLoginTest.java:58)
at com.maven.testng.VerifyLoginTest.closeBrowser(VerifyLoginTest.java:58)
at com.maven.testng.VerifyLoginTest.closeBrowser(VerifyLoginTest.java:58)
at com.maven.testng.VerifyLoginTest.closeBrowser(VerifyLoginTest.java:58)
at com.maven.testng.VerifyLoginTest.closeBrowser(VerifyLoginTest.java:58)
at com.maven.testng.VerifyLoginTest.closeBrowser(VerifyLoginTest.java:58)
at com.maven.testng.VerifyLoginTest.closeBrowser(VerifyLoginTest.java:58)
at com.maven.testng.VerifyLoginTest.closeBrowser(VerifyLoginTest.java:58)
at com.maven.testng.VerifyLoginTest.closeBrowser(VerifyLoginTest.java:58)
at com.maven.testng.VerifyLoginTest.closeBrowser(VerifyLoginTest.java:58)
at com.maven.testng.VerifyLoginTest.closeBrowser(VerifyLoginTest.java:58)
at com.maven.testng.VerifyLoginTest.closeBrowser(VerifyLoginTest.java:58)
at com.maven.testng.VerifyLoginTest.closeBrowser(VerifyLoginTest.java:58)
at com.maven.testng.VerifyLoginTest.closeBrowser(VerifyLoginTest.java:58)
at com.maven.testng.VerifyLoginTest.closeBrowser(VerifyLoginTest.java:58)
at com.maven.testng.VerifyLoginTest.closeBrowser(VerifyLoginTest.java:58)
at com.maven.testng.VerifyLoginTest.closeBrowser(VerifyLoginTest.java:58)
at com.maven.testng.VerifyLoginTest.closeBrowser(VerifyLoginTest.java:58)
at com.maven.testng.VerifyLoginTest.closeBrowser(VerifyLoginTest.java:58)
at com.maven.testng.VerifyLoginTest.closeBrowser(VerifyLoginTest.java:58)
at com.maven.testng.VerifyLoginTest.closeBrowser(VerifyLoginTest.java:58)
at com.maven.testng.VerifyLoginTest.closeBrowser(VerifyLoginTest.java:58)
at com.maven.testng.VerifyLoginTest.closeBrowser(VerifyLoginTest.java:58)
at com.maven.testng.VerifyLoginTest.closeBrowser(VerifyLoginTest.java:58)
at com.maven.testng.VerifyLoginTest.closeBrowser(VerifyLoginTest.java:58)
at com.maven.testng.VerifyLoginTest.closeBrowser(VerifyLoginTest.java:58)
at com.maven.testng.VerifyLoginTest.closeBrowser(VerifyLoginTest.java:58)
at com.maven.testng.VerifyLoginTest.closeBrowser(VerifyLoginTest.java:58)
at com.maven.testng.VerifyLoginTest.closeBrowser(VerifyLoginTest.java:58)
at com.maven.testng.VerifyLoginTest.closeBrowser(VerifyLoginTest.java:58)
at com.maven.testng.VerifyLoginTest.closeBrowser(VerifyLoginTest.java:58)
at com.maven.testng.VerifyLoginTest.closeBrowser(VerifyLoginTest.java:58)
at com.maven.testng.VerifyLoginTest.closeBrowser(VerifyLoginTest.java:58)
at com.maven.testng.VerifyLoginTest.closeBrowser(VerifyLoginTest.java:58)
at com.maven.testng.VerifyLoginTest.closeBrowser(VerifyLoginTest.java:58)
at com.maven.testng.VerifyLoginTest.closeBrowser(VerifyLoginTest.java:58)
at com.maven.testng.VerifyLoginTest.closeBrowser(VerifyLoginTest.java:58)
at com.maven.testng.VerifyLoginTest.closeBrowser(VerifyLoginTest.java:58)
at com.maven.testng.VerifyLoginTest.closeBrowser(VerifyLoginTest.java:58)
at com.maven.testng.VerifyLoginTest.closeBrowser(VerifyLoginTest.java:58)
at com.maven.testng.VerifyLoginTest.closeBrowser(VerifyLoginTest.java:58)
at com.maven.testng.VerifyLoginTest.closeBrowser(VerifyLoginTest.java:58)
at com.maven.testng.VerifyLoginTest.closeBrowser(VerifyLoginTest.java:58)
at com.maven.testng.VerifyLoginTest.closeBrowser(VerifyLoginTest.java:58)
at com.maven.testng.VerifyLoginTest.closeBrowser(VerifyLoginTest.java:58)
at com.maven.testng.VerifyLoginTest.closeBrowser(VerifyLoginTest.java:58)
at com.maven.testng.VerifyLoginTest.closeBrowser(VerifyLoginTest.java:58)
at com.maven.testng.VerifyLoginTest.closeBrowser(VerifyLoginTest.java:58)
at com.maven.testng.VerifyLoginTest.closeBrowser(VerifyLoginTest.java:58)
at com.maven.testng.VerifyLoginTest.closeBrowser(VerifyLoginTest.java:58)
at com.maven.testng.VerifyLoginTest.closeBrowser(VerifyLoginTest.java:58)
at com.maven.testng.VerifyLoginTest.closeBrowser(VerifyLoginTest.java:58)
at com.maven.testng.VerifyLoginTest.closeBrowser(VerifyLoginTest.java:58)
at com.maven.testng.VerifyLoginTest.closeBrowser(VerifyLoginTest.java:58)
at com.maven.testng.VerifyLoginTest.closeBrowser(VerifyLoginTest.java:58)
at com.maven.testng.VerifyLoginTest.closeBrowser(VerifyLoginTest.java:58)
at com.maven.testng.VerifyLoginTest.closeBrowser(VerifyLoginTest.java:58)
at com.maven.testng.VerifyLoginTest.closeBrowser(VerifyLoginTest.java:58)
at com.maven.testng.VerifyLoginTest.closeBrowser(VerifyLoginTest.java:58)
at com.maven.testng.VerifyLoginTest.closeBrowser(VerifyLoginTest.java:58)
at com.maven.testng.VerifyLoginTest.closeBrowser(VerifyLoginTest.java:58)
at com.maven.testng.VerifyLoginTest.closeBrowser(VerifyLoginTest.java:58)
at com.maven.testng.VerifyLoginTest.closeBrowser(VerifyLoginTest.java:58)
at com.maven.testng.VerifyLoginTest.closeBrowser(VerifyLoginTest.java:58)
at com.maven.testng.VerifyLoginTest.closeBrowser(VerifyLoginTest.java:58)
at com.maven.testng.VerifyLoginTest.closeBrowser(VerifyLoginTest.java:58)
at com.maven.testng.VerifyLoginTest.closeBrowser(VerifyLoginTest.java:58)
at com.maven.testng.VerifyLoginTest.closeBrowser(VerifyLoginTest.java:58)
at com.maven.testng.VerifyLoginTest.closeBrowser(VerifyLoginTest.java:58)
at com.maven.testng.VerifyLoginTest.closeBrowser(VerifyLoginTest.java:58)
at com.maven.testng.VerifyLoginTest.closeBrowser(VerifyLoginTest.java:58)
at com.maven.testng.VerifyLoginTest.closeBrowser(VerifyLoginTest.java:58)
at com.maven.testng.VerifyLoginTest.closeBrowser(VerifyLoginTest.java:58)
at com.maven.testng.VerifyLoginTest.closeBrowser(VerifyLoginTest.java:58)
at com.maven.testng.VerifyLoginTest.closeBrowser(VerifyLoginTest.java:58)
at com.maven.testng.VerifyLoginTest.closeBrowser(VerifyLoginTest.java:58)
at com.maven.testng.VerifyLoginTest.closeBrowser(VerifyLoginTest.java:58)
at com.maven.testng.VerifyLoginTest.closeBrowser(VerifyLoginTest.java:58)
at com.maven.testng.VerifyLoginTest.closeBrowser(VerifyLoginTest.java:58)
at com.maven.testng.VerifyLoginTest.closeBrowser(VerifyLoginTest.java:58)
at com.maven.testng.VerifyLoginTest.closeBrowser(VerifyLoginTest.java:58)
at com.maven.testng.VerifyLoginTest.closeBrowser(VerifyLoginTest.java:58)
at com.maven.testng.VerifyLoginTest.closeBrowser(VerifyLoginTest.java:58)
at com.maven.testng.VerifyLoginTest.closeBrowser(VerifyLoginTest.java:58)
at com.maven.testng.VerifyLoginTest.closeBrowser(VerifyLoginTest.java:58)
at com.maven.testng.VerifyLoginTest.closeBrowser(VerifyLoginTest.java:58)
at com.maven.testng.VerifyLoginTest.closeBrowser(VerifyLoginTest.java:58)
at com.maven.testng.VerifyLoginTest.closeBrowser(VerifyLoginTest.java:58)
at com.maven.testng.VerifyLoginTest.closeBrowser(VerifyLoginTest.java:58)
at com.maven.testng.VerifyLoginTest.closeBrowser(VerifyLoginTest.java:58)
at com.maven.testng.VerifyLoginTest.closeBrowser(VerifyLoginTest.java:58)
at com.maven.testng.VerifyLoginTest.closeBrowser(VerifyLoginTest.java:58)
at com.maven.testng.VerifyLoginTest.closeBrowser(VerifyLoginTest.java:58)
at com.maven.testng.VerifyLoginTest.closeBrowser(VerifyLoginTest.java:58)
at com.maven.testng.VerifyLoginTest.closeBrowser(VerifyLoginTest.java:58)
at com.maven.testng.VerifyLoginTest.closeBrowser(VerifyLoginTest.java:58)
at com.maven.testng.VerifyLoginTest.closeBrowser(VerifyLoginTest.java:58)
at com.maven.testng.VerifyLoginTest.closeBrowser(VerifyLoginTest.java:58)
at com.maven.testng.VerifyLoginTest.closeBrowser(VerifyLoginTest.java:58)
at com.maven.testng.VerifyLoginTest.closeBrowser(VerifyLoginTest.java:58)
at com.maven.testng.VerifyLoginTest.closeBrowser(VerifyLoginTest.java:58)
at com.maven.testng.VerifyLoginTest.closeBrowser(VerifyLoginTest.java:58)
at com.maven.testng.VerifyLoginTest.closeBrowser(VerifyLoginTest.java:58)
at com.maven.testng.VerifyLoginTest.closeBrowser(VerifyLoginTest.java:58)
at com.maven.testng.VerifyLoginTest.closeBrowser(VerifyLoginTest.java:58)
at com.maven.testng.VerifyLoginTest.closeBrowser(VerifyLoginTest.java:58)
at com.maven.testng.VerifyLoginTest.closeBrowser(VerifyLoginTest.java:58)
at com.maven.testng.VerifyLoginTest.closeBrowser(VerifyLoginTest.java:58)
at com.maven.testng.VerifyLoginTest.closeBrowser(VerifyLoginTest.java:58)
at com.maven.testng.VerifyLoginTest.closeBrowser(VerifyLoginTest.java:58)
at com.maven.testng.VerifyLoginTest.closeBrowser(VerifyLoginTest.java:58)
at com.maven.testng.VerifyLoginTest.closeBrowser(VerifyLoginTest.java:58)
at com.maven.testng.VerifyLoginTest.closeBrowser(VerifyLoginTest.java:58)
at com.maven.testng.VerifyLoginTest.closeBrowser(VerifyLoginTest.java:58)
at com.maven.testng.VerifyLoginTest.closeBrowser(VerifyLoginTest.java:58)
at com.maven.testng.VerifyLoginTest.closeBrowser(VerifyLoginTest.java:58)
at com.maven.testng.VerifyLoginTest.closeBrowser(VerifyLoginTest.java:58)
at com.maven.testng.VerifyLoginTest.closeBrowser(VerifyLoginTest.java:58)
at com.maven.testng.VerifyLoginTest.closeBrowser(VerifyLoginTest.java:58)
at com.maven.testng.VerifyLoginTest.closeBrowser(VerifyLoginTest.java:58)
at com.maven.testng.VerifyLoginTest.closeBrowser(VerifyLoginTest.java:58)
at com.maven.testng.VerifyLoginTest.closeBrowser(VerifyLoginTest.java:58)
at com.maven.testng.VerifyLoginTest.closeBrowser(VerifyLoginTest.java:58)
at com.maven.testng.VerifyLoginTest.closeBrowser(VerifyLoginTest.java:58)
at com.maven.testng.VerifyLoginTest.closeBrowser(VerifyLoginTest.java:58)
at com.maven.testng.VerifyLoginTest.closeBrowser(VerifyLoginTest.java:58)
at com.maven.testng.VerifyLoginTest.closeBrowser(VerifyLoginTest.java:58)
at com.maven.testng.VerifyLoginTest.closeBrowser(VerifyLoginTest.java:58)
at com.maven.testng.VerifyLoginTest.closeBrowser(VerifyLoginTest.java:58)
at com.maven.testng.VerifyLoginTest.closeBrowser(VerifyLoginTest.java:58)
at com.maven.testng.VerifyLoginTest.closeBrowser(VerifyLoginTest.java:58)
at com.maven.testng.VerifyLoginTest.closeBrowser(VerifyLoginTest.java:58)
at com.maven.testng.VerifyLoginTest.closeBrowser(VerifyLoginTest.java:58)
at com.maven.testng.VerifyLoginTest.closeBrowser(VerifyLoginTest.java:58)
at com.maven.testng.VerifyLoginTest.closeBrowser(VerifyLoginTest.java:58)
at com.maven.testng.VerifyLoginTest.closeBrowser(VerifyLoginTest.java:58)
at com.maven.testng.VerifyLoginTest.closeBrowser(VerifyLoginTest.java:58)
at com.maven.testng.VerifyLoginTest.closeBrowser(VerifyLoginTest.java:58)
at com.maven.testng.VerifyLoginTest.closeBrowser(VerifyLoginTest.java:58)
at com.maven.testng.VerifyLoginTest.closeBrowser(VerifyLoginTest.java:58)
at com.maven.testng.VerifyLoginTest.closeBrowser(VerifyLoginTest.java:58)
at com.maven.testng.VerifyLoginTest.closeBrowser(VerifyLoginTest.java:58)
at com.maven.testng.VerifyLoginTest.closeBrowser(VerifyLoginTest.java:58)
at com.maven.testng.VerifyLoginTest.closeBrowser(VerifyLoginTest.java:58)
at com.maven.testng.VerifyLoginTest.closeBrowser(VerifyLoginTest.java:58)
at com.maven.testng.VerifyLoginTest.closeBrowser(VerifyLoginTest.java:58)
at com.maven.testng.VerifyLoginTest.closeBrowser(VerifyLoginTest.java:58)
at com.maven.testng.VerifyLoginTest.closeBrowser(VerifyLoginTest.java:58)
at com.maven.testng.VerifyLoginTest.closeBrowser(VerifyLoginTest.java:58)
at com.maven.testng.VerifyLoginTest.closeBrowser(VerifyLoginTest.java:58)
at com.maven.testng.VerifyLoginTest.closeBrowser(VerifyLoginTest.java:58)
at com.maven.testng.VerifyLoginTest.closeBrowser(VerifyLoginTest.java:58)
at com.maven.testng.VerifyLoginTest.closeBrowser(VerifyLoginTest.java:58)
at com.maven.testng.VerifyLoginTest.closeBrowser(VerifyLoginTest.java:58)
at com.maven.testng.VerifyLoginTest.closeBrowser(VerifyLoginTest.java:58)
at com.maven.testng.VerifyLoginTest.closeBrowser(VerifyLoginTest.java:58)
at com.maven.testng.VerifyLoginTest.closeBrowser(VerifyLoginTest.java:58)
at com.maven.testng.VerifyLoginTest.closeBrowser(VerifyLoginTest.java:58)
at com.maven.testng.VerifyLoginTest.closeBrowser(VerifyLoginTest.java:58)
at com.maven.testng.VerifyLoginTest.closeBrowser(VerifyLoginTest.java:58)
at com.maven.testng.VerifyLoginTest.closeBrowser(VerifyLoginTest.java:58)
at com.maven.testng.VerifyLoginTest.closeBrowser(VerifyLoginTest.java:58)
at com.maven.testng.VerifyLoginTest.closeBrowser(VerifyLoginTest.java:58)
at com.maven.testng.VerifyLoginTest.closeBrowser(VerifyLoginTest.java:58)
at com.maven.testng.VerifyLoginTest.closeBrowser(VerifyLoginTest.java:58)
at com.maven.testng.VerifyLoginTest.closeBrowser(VerifyLoginTest.java:58)
at com.maven.testng.VerifyLoginTest.closeBrowser(VerifyLoginTest.java:58)
at com.maven.testng.VerifyLoginTest.closeBrowser(VerifyLoginTest.java:58)
at com.maven.testng.VerifyLoginTest.closeBrowser(VerifyLoginTest.java:58)
at com.maven.testng.VerifyLoginTest.closeBrowser(VerifyLoginTest.java:58)
at com.maven.testng.VerifyLoginTest.closeBrowser(VerifyLoginTest.java:58)
at com.maven.testng.VerifyLoginTest.closeBrowser(VerifyLoginTest.java:58)
at com.maven.testng.VerifyLoginTest.closeBrowser(VerifyLoginTest.java:58)
at com.maven.testng.VerifyLoginTest.closeBrowser(VerifyLoginTest.java:58)
at com.maven.testng.VerifyLoginTest.closeBrowser(VerifyLoginTest.java:58)
at com.maven.testng.VerifyLoginTest.closeBrowser(VerifyLoginTest.java:58)
at com.maven.testng.VerifyLoginTest.closeBrowser(VerifyLoginTest.java:58)
at com.maven.testng.VerifyLoginTest.closeBrowser(VerifyLoginTest.java:58)
at com.maven.testng.VerifyLoginTest.closeBrowser(VerifyLoginTest.java:58)
at com.maven.testng.VerifyLoginTest.closeBrowser(VerifyLoginTest.java:58)
at com.maven.testng.VerifyLoginTest.closeBrowser(VerifyLoginTest.java:58)
at com.maven.testng.VerifyLoginTest.closeBrowser(VerifyLoginTest.java:58)
at com.maven.testng.VerifyLoginTest.closeBrowser(VerifyLoginTest.java:58)
at com.maven.testng.VerifyLoginTest.closeBrowser(VerifyLoginTest.java:58)
at com.maven.testng.VerifyLoginTest.closeBrowser(VerifyLoginTest.java:58)
at com.maven.testng.VerifyLoginTest.closeBrowser(VerifyLoginTest.java:58)
at com.maven.testng.VerifyLoginTest.closeBrowser(VerifyLoginTest.java:58)
at com.maven.testng.VerifyLoginTest.closeBrowser(VerifyLoginTest.java:58)
at com.maven.testng.VerifyLoginTest.closeBrowser(VerifyLoginTest.java:58)
at com.maven.testng.VerifyLoginTest.closeBrowser(VerifyLoginTest.java:58)
at com.maven.testng.VerifyLoginTest.closeBrowser(VerifyLoginTest.java:58)
at com.maven.testng.VerifyLoginTest.closeBrowser(VerifyLoginTest.java:58)
at com.maven.testng.VerifyLoginTest.closeBrowser(VerifyLoginTest.java:58)
at com.maven.testng.VerifyLoginTest.closeBrowser(VerifyLoginTest.java:58)
at com.maven.testng.VerifyLoginTest.closeBrowser(VerifyLoginTest.java:58)
at com.maven.testng.VerifyLoginTest.closeBrowser(VerifyLoginTest.java:58)
at com.maven.testng.VerifyLoginTest.closeBrowser(VerifyLoginTest.java:58)
at com.maven.testng.VerifyLoginTest.closeBrowser(VerifyLoginTest.java:58)
at com.maven.testng.VerifyLoginTest.closeBrowser(VerifyLoginTest.java:58)
at com.maven.testng.VerifyLoginTest.closeBrowser(VerifyLoginTest.java:58)
at com.maven.testng.VerifyLoginTest.closeBrowser(VerifyLoginTest.java:58)
at com.maven.testng.VerifyLoginTest.closeBrowser(VerifyLoginTest.java:58)
at com.maven.testng.VerifyLoginTest.closeBrowser(VerifyLoginTest.java:58)
at com.maven.testng.VerifyLoginTest.closeBrowser(VerifyLoginTest.java:58)
at com.maven.testng.VerifyLoginTest.closeBrowser(VerifyLoginTest.java:58)
at com.maven.testng.VerifyLoginTest.closeBrowser(VerifyLoginTest.java:58)
at com.maven.testng.VerifyLoginTest.closeBrowser(VerifyLoginTest.java:58)
at com.maven.testng.VerifyLoginTest.closeBrowser(VerifyLoginTest.java:58)
at com.maven.testng.VerifyLoginTest.closeBrowser(VerifyLoginTest.java:58)
at com.maven.testng.VerifyLoginTest.closeBrowser(VerifyLoginTest.java:58)
at com.maven.testng.VerifyLoginTest.closeBrowser(VerifyLoginTest.java:58)
at com.maven.testng.VerifyLoginTest.closeBrowser(VerifyLoginTest.java:58)
at com.maven.testng.VerifyLoginTest.closeBrowser(VerifyLoginTest.java:58)
at com.maven.testng.VerifyLoginTest.closeBrowser(VerifyLoginTest.java:58)
at com.maven.testng.VerifyLoginTest.closeBrowser(VerifyLoginTest.java:58)
at com.maven.testng.VerifyLoginTest.closeBrowser(VerifyLoginTest.java:58)
at com.maven.testng.VerifyLoginTest.closeBrowser(VerifyLoginTest.java:58)
at com.maven.testng.VerifyLoginTest.closeBrowser(VerifyLoginTest.java:58)
at com.maven.testng.VerifyLoginTest.closeBrowser(VerifyLoginTest.java:58)
at com.maven.testng.VerifyLoginTest.closeBrowser(VerifyLoginTest.java:58)
at com.maven.testng.VerifyLoginTest.closeBrowser(VerifyLoginTest.java:58)
at com.maven.testng.VerifyLoginTest.closeBrowser(VerifyLoginTest.java:58)
at com.maven.testng.VerifyLoginTest.closeBrowser(VerifyLoginTest.java:58)
at com.maven.testng.VerifyLoginTest.closeBrowser(VerifyLoginTest.java:58)
at com.maven.testng.VerifyLoginTest.closeBrowser(VerifyLoginTest.java:58)
at com.maven.testng.VerifyLoginTest.closeBrowser(VerifyLoginTest.java:58)
at com.maven.testng.VerifyLoginTest.closeBrowser(VerifyLoginTest.java:58)
at com.maven.testng.VerifyLoginTest.closeBrowser(VerifyLoginTest.java:58)
at com.maven.testng.VerifyLoginTest.closeBrowser(VerifyLoginTest.java:58)
at com.maven.testng.VerifyLoginTest.closeBrowser(VerifyLoginTest.java:58)
at com.maven.testng.VerifyLoginTest.closeBrowser(VerifyLoginTest.java:58)
at com.maven.testng.VerifyLoginTest.closeBrowser(VerifyLoginTest.java:58)
at com.maven.testng.VerifyLoginTest.closeBrowser(VerifyLoginTest.java:58)
at com.maven.testng.VerifyLoginTest.closeBrowser(VerifyLoginTest.java:58)
at com.maven.testng.VerifyLoginTest.closeBrowser(VerifyLoginTest.java:58)
at com.maven.testng.VerifyLoginTest.closeBrowser(VerifyLoginTest.java:58)
at com.maven.testng.VerifyLoginTest.closeBrowser(VerifyLoginTest.java:58)
at com.maven.testng.VerifyLoginTest.closeBrowser(VerifyLoginTest.java:58)
at com.maven.testng.VerifyLoginTest.closeBrowser(VerifyLoginTest.java:58)
at com.maven.testng.VerifyLoginTest.closeBrowser(VerifyLoginTest.java:58)
at com.maven.testng.VerifyLoginTest.closeBrowser(VerifyLoginTest.java:58)
at com.maven.testng.VerifyLoginTest.closeBrowser(VerifyLoginTest.java:58)
at com.maven.testng.VerifyLoginTest.closeBrowser(VerifyLoginTest.java:58)
at com.maven.testng.VerifyLoginTest.closeBrowser(VerifyLoginTest.java:58)
at com.maven.testng.VerifyLoginTest.closeBrowser(VerifyLoginTest.java:58)
at com.maven.testng.VerifyLoginTest.closeBrowser(VerifyLoginTest.java:58)
at com.maven.testng.VerifyLoginTest.closeBrowser(VerifyLoginTest.java:58)
at com.maven.testng.VerifyLoginTest.closeBrowser(VerifyLoginTest.java:58)
at com.maven.testng.VerifyLoginTest.closeBrowser(VerifyLoginTest.java:58)
at com.maven.testng.VerifyLoginTest.closeBrowser(VerifyLoginTest.java:58)
at com.maven.testng.VerifyLoginTest.closeBrowser(VerifyLoginTest.java:58)
at com.maven.testng.VerifyLoginTest.closeBrowser(VerifyLoginTest.java:58)
at com.maven.testng.VerifyLoginTest.closeBrowser(VerifyLoginTest.java:58)
at com.maven.testng.VerifyLoginTest.closeBrowser(VerifyLoginTest.java:58)
at com.maven.testng.VerifyLoginTest.closeBrowser(VerifyLoginTest.java:58)
at com.maven.testng.VerifyLoginTest.closeBrowser(VerifyLoginTest.java:58)
at com.maven.testng.VerifyLoginTest.closeBrowser(VerifyLoginTest.java:58)
at com.maven.testng.VerifyLoginTest.closeBrowser(VerifyLoginTest.java:58)
at com.maven.testng.VerifyLoginTest.closeBrowser(VerifyLoginTest.java:58)
at com.maven.testng.VerifyLoginTest.closeBrowser(VerifyLoginTest.java:58)
at com.maven.testng.VerifyLoginTest.closeBrowser(VerifyLoginTest.java:58)
at com.maven.testng.VerifyLoginTest.closeBrowser(VerifyLoginTest.java:58)
at com.maven.testng.VerifyLoginTest.closeBrowser(VerifyLoginTest.java:58)
at com.maven.testng.VerifyLoginTest.closeBrowser(VerifyLoginTest.java:58)
at com.maven.testng.VerifyLoginTest.closeBrowser(VerifyLoginTest.java:58)
at com.maven.testng.VerifyLoginTest.closeBrowser(VerifyLoginTest.java:58)
at com.maven.testng.VerifyLoginTest.closeBrowser(VerifyLoginTest.java:58)
at com.maven.testng.VerifyLoginTest.closeBrowser(VerifyLoginTest.java:58)
at com.maven.testng.VerifyLoginTest.closeBrowser(VerifyLoginTest.java:58)
at com.maven.testng.VerifyLoginTest.closeBrowser(VerifyLoginTest.java:58)
at com.maven.testng.VerifyLoginTest.closeBrowser(VerifyLoginTest.java:58)
at com.maven.testng.VerifyLoginTest.closeBrowser(VerifyLoginTest.java:58)
at com.maven.testng.VerifyLoginTest.closeBrowser(VerifyLoginTest.java:58)
at com.maven.testng.VerifyLoginTest.closeBrowser(VerifyLoginTest.java:58)
at com.maven.testng.VerifyLoginTest.closeBrowser(VerifyLoginTest.java:58)
at com.maven.testng.VerifyLoginTest.closeBrowser(VerifyLoginTest.java:58)
at com.maven.testng.VerifyLoginTest.closeBrowser(VerifyLoginTest.java:58)
at com.maven.testng.VerifyLoginTest.closeBrowser(VerifyLoginTest.java:58)
at com.maven.testng.VerifyLoginTest.closeBrowser(VerifyLoginTest.java:58)
at com.maven.testng.VerifyLoginTest.closeBrowser(VerifyLoginTest.java:58)
at com.maven.testng.VerifyLoginTest.closeBrowser(VerifyLoginTest.java:58)
at com.maven.testng.VerifyLoginTest.closeBrowser(VerifyLoginTest.java:58)
at com.maven.testng.VerifyLoginTest.closeBrowser(VerifyLoginTest.java:58)
at com.maven.testng.VerifyLoginTest.closeBrowser(VerifyLoginTest.java:58)
at com.maven.testng.VerifyLoginTest.closeBrowser(VerifyLoginTest.java:58)
at com.maven.testng.VerifyLoginTest.closeBrowser(VerifyLoginTest.java:58)
at com.maven.testng.VerifyLoginTest.closeBrowser(VerifyLoginTest.java:58)
at com.maven.testng.VerifyLoginTest.closeBrowser(VerifyLoginTest.java:58)
at com.maven.testng.VerifyLoginTest.closeBrowser(VerifyLoginTest.java:58)
at com.maven.testng.VerifyLoginTest.closeBrowser(VerifyLoginTest.java:58)
at com.maven.testng.VerifyLoginTest.closeBrowser(VerifyLoginTest.java:58)
at com.maven.testng.VerifyLoginTest.closeBrowser(VerifyLoginTest.java:58)
at com.maven.testng.VerifyLoginTest.closeBrowser(VerifyLoginTest.java:58)
at com.maven.testng.VerifyLoginTest.closeBrowser(VerifyLoginTest.java:58)
at com.maven.testng.VerifyLoginTest.closeBrowser(VerifyLoginTest.java:58)
at com.maven.testng.VerifyLoginTest.closeBrowser(VerifyLoginTest.java:58)
at com.maven.testng.VerifyLoginTest.closeBrowser(VerifyLoginTest.java:58)
at com.maven.testng.VerifyLoginTest.closeBrowser(VerifyLoginTest.java:58)
at com.maven.testng.VerifyLoginTest.closeBrowser(VerifyLoginTest.java:58)
at com.maven.testng.VerifyLoginTest.closeBrowser(VerifyLoginTest.java:58)
at com.maven.testng.VerifyLoginTest.closeBrowser(VerifyLoginTest.java:58)
at com.maven.testng.VerifyLoginTest.closeBrowser(VerifyLoginTest.java:58)
at com.maven.testng.VerifyLoginTest.closeBrowser(VerifyLoginTest.java:58)
at com.maven.testng.VerifyLoginTest.closeBrowser(VerifyLoginTest.java:58)
at com.maven.testng.VerifyLoginTest.closeBrowser(VerifyLoginTest.java:58)
at com.maven.testng.VerifyLoginTest.closeBrowser(VerifyLoginTest.java:58)
at com.maven.testng.VerifyLoginTest.closeBrowser(VerifyLoginTest.java:58)
at com.maven.testng.VerifyLoginTest.closeBrowser(VerifyLoginTest.java:58)
at com.maven.testng.VerifyLoginTest.closeBrowser(VerifyLoginTest.java:58)
at com.maven.testng.VerifyLoginTest.closeBrowser(VerifyLoginTest.java:58)
at com.maven.testng.VerifyLoginTest.closeBrowser(VerifyLoginTest.java:58)
at com.maven.testng.VerifyLoginTest.closeBrowser(VerifyLoginTest.java:58)
at com.maven.testng.VerifyLoginTest.closeBrowser(VerifyLoginTest.java:58)
at com.maven.testng.VerifyLoginTest.closeBrowser(VerifyLoginTest.java:58)
at com.maven.testng.VerifyLoginTest.closeBrowser(VerifyLoginTest.java:58)
at com.maven.testng.VerifyLoginTest.closeBrowser(VerifyLoginTest.java:58)
at com.maven.testng.VerifyLoginTest.closeBrowser(VerifyLoginTest.java:58)
at com.maven.testng.VerifyLoginTest.closeBrowser(VerifyLoginTest.java:58)
at com.maven.testng.VerifyLoginTest.closeBrowser(VerifyLoginTest.java:58)
at com.maven.testng.VerifyLoginTest.closeBrowser(VerifyLoginTest.java:58)
at com.maven.testng.VerifyLoginTest.closeBrowser(VerifyLoginTest.java:58)
at com.maven.testng.VerifyLoginTest.closeBrowser(VerifyLoginTest.java:58)
at com.maven.testng.VerifyLoginTest.closeBrowser(VerifyLoginTest.java:58)
at com.maven.testng.VerifyLoginTest.closeBrowser(VerifyLoginTest.java:58)
at com.maven.testng.VerifyLoginTest.closeBrowser(VerifyLoginTest.java:58)
at com.maven.testng.VerifyLoginTest.closeBrowser(VerifyLoginTest.java:58)
at com.maven.testng.VerifyLoginTest.closeBrowser(VerifyLoginTest.java:58)
at com.maven.testng.VerifyLoginTest.closeBrowser(VerifyLoginTest.java:58)
at com.maven.testng.VerifyLoginTest.closeBrowser(VerifyLoginTest.java:58)
at com.maven.testng.VerifyLoginTest.closeBrowser(VerifyLoginTest.java:58)
at com.maven.testng.VerifyLoginTest.closeBrowser(VerifyLoginTest.java:58)
at com.maven.testng.VerifyLoginTest.closeBrowser(VerifyLoginTest.java:58)
at com.maven.testng.VerifyLoginTest.closeBrowser(VerifyLoginTest.java:58)
at com.maven.testng.VerifyLoginTest.closeBrowser(VerifyLoginTest.java:58)
at com.maven.testng.VerifyLoginTest.closeBrowser(VerifyLoginTest.java:58)
at com.maven.testng.VerifyLoginTest.closeBrowser(VerifyLoginTest.java:58)
at com.maven.testng.VerifyLoginTest.closeBrowser(VerifyLoginTest.java:58)
at com.maven.testng.VerifyLoginTest.closeBrowser(VerifyLoginTest.java:58)
at com.maven.testng.VerifyLoginTest.closeBrowser(VerifyLoginTest.java:58)
at com.maven.testng.VerifyLoginTest.closeBrowser(VerifyLoginTest.java:58)
at com.maven.testng.VerifyLoginTest.closeBrowser(VerifyLoginTest.java:58)
at com.maven.testng.VerifyLoginTest.closeBrowser(VerifyLoginTest.java:58)
at com.maven.testng.VerifyLoginTest.closeBrowser(VerifyLoginTest.java:58)
at com.maven.testng.VerifyLoginTest.closeBrowser(VerifyLoginTest.java:58)
at com.maven.testng.VerifyLoginTest.closeBrowser(VerifyLoginTest.java:58)
at com.maven.testng.VerifyLoginTest.closeBrowser(VerifyLoginTest.java:58)
at com.maven.testng.VerifyLoginTest.closeBrowser(VerifyLoginTest.java:58)
at com.maven.testng.VerifyLoginTest.closeBrowser(VerifyLoginTest.java:58)
at com.maven.testng.VerifyLoginTest.closeBrowser(VerifyLoginTest.java:58)
at com.maven.testng.VerifyLoginTest.closeBrowser(VerifyLoginTest.java:58)
at com.maven.testng.VerifyLoginTest.closeBrowser(VerifyLoginTest.java:58)
at com.maven.testng.VerifyLoginTest.closeBrowser(VerifyLoginTest.java:58)
at com.maven.testng.VerifyLoginTest.closeBrowser(VerifyLoginTest.java:58)
at com.maven.testng.VerifyLoginTest.closeBrowser(VerifyLoginTest.java:58)
at com.maven.testng.VerifyLoginTest.closeBrowser(VerifyLoginTest.java:58)
at com.maven.testng.VerifyLoginTest.closeBrowser(VerifyLoginTest.java:58)
at com.maven.testng.VerifyLoginTest.closeBrowser(VerifyLoginTest.java:58)
at com.maven.testng.VerifyLoginTest.closeBrowser(VerifyLoginTest.java:58)
at com.maven.testng.VerifyLoginTest.closeBrowser(VerifyLoginTest.java:58)
at com.maven.testng.VerifyLoginTest.closeBrowser(VerifyLoginTest.java:58)
at com.maven.testng.VerifyLoginTest.closeBrowser(VerifyLoginTest.java:58)
at com.maven.testng.VerifyLoginTest.closeBrowser(VerifyLoginTest.java:58)
at com.maven.testng.VerifyLoginTest.closeBrowser(VerifyLoginTest.java:58)
at com.maven.testng.VerifyLoginTest.closeBrowser(VerifyLoginTest.java:58)
at com.maven.testng.VerifyLoginTest.closeBrowser(VerifyLoginTest.java:58)
at com.maven.testng.VerifyLoginTest.closeBrowser(VerifyLoginTest.java:58)
at com.maven.testng.VerifyLoginTest.closeBrowser(VerifyLoginTest.java:58)
at com.maven.testng.VerifyLoginTest.closeBrowser(VerifyLoginTest.java:58)
at com.maven.testng.VerifyLoginTest.closeBrowser(VerifyLoginTest.java:58)
at com.maven.testng.VerifyLoginTest.closeBrowser(VerifyLoginTest.java:58)
at com.maven.testng.VerifyLoginTest.closeBrowser(VerifyLoginTest.java:58)
at com.maven.testng.VerifyLoginTest.closeBrowser(VerifyLoginTest.java:58)
at com.maven.testng.VerifyLoginTest.closeBrowser(VerifyLoginTest.java:58)
at com.maven.testng.VerifyLoginTest.closeBrowser(VerifyLoginTest.java:58)
at com.maven.testng.VerifyLoginTest.closeBrowser(VerifyLoginTest.java:58)
at com.maven.testng.VerifyLoginTest.closeBrowser(VerifyLoginTest.java:58)
at com.maven.testng.VerifyLoginTest.closeBrowser(VerifyLoginTest.java:58)
at com.maven.testng.VerifyLoginTest.closeBrowser(VerifyLoginTest.java:58)
at com.maven.testng.VerifyLoginTest.closeBrowser(VerifyLoginTest.java:58)
at com.maven.testng.VerifyLoginTest.closeBrowser(VerifyLoginTest.java:58)
at com.maven.testng.VerifyLoginTest.closeBrowser(VerifyLoginTest.java:58)
at com.maven.testng.VerifyLoginTest.closeBrowser(VerifyLoginTest.java:58)
at com.maven.testng.VerifyLoginTest.closeBrowser(VerifyLoginTest.java:58)
at com.maven.testng.VerifyLoginTest.closeBrowser(VerifyLoginTest.java:58)
at com.maven.testng.VerifyLoginTest.closeBrowser(VerifyLoginTest.java:58)
at com.maven.testng.VerifyLoginTest.closeBrowser(VerifyLoginTest.java:58)
at com.maven.testng.VerifyLoginTest.closeBrowser(VerifyLoginTest.java:58)
at com.maven.testng.VerifyLoginTest.closeBrowser(VerifyLoginTest.java:58)
at com.maven.testng.VerifyLoginTest.closeBrowser(VerifyLoginTest.java:58)
at com.maven.testng.VerifyLoginTest.closeBrowser(VerifyLoginTest.java:58)
at com.maven.testng.VerifyLoginTest.closeBrowser(VerifyLoginTest.java:58)
at com.maven.testng.VerifyLoginTest.closeBrowser(VerifyLoginTest.java:58)
at com.maven.testng.VerifyLoginTest.closeBrowser(VerifyLoginTest.java:58)
at com.maven.testng.VerifyLoginTest.closeBrowser(VerifyLoginTest.java:58)
at com.maven.testng.VerifyLoginTest.closeBrowser(VerifyLoginTest.java:58)
at com.maven.testng.VerifyLoginTest.closeBrowser(VerifyLoginTest.java:58)
at com.maven.testng.VerifyLoginTest.closeBrowser(VerifyLoginTest.java:58)
at com.maven.testng.VerifyLoginTest.closeBrowser(VerifyLoginTest.java:58)
at com.maven.testng.VerifyLoginTest.closeBrowser(VerifyLoginTest.java:58)
at com.maven.testng.VerifyLoginTest.closeBrowser(VerifyLoginTest.java:58)
at com.maven.testng.VerifyLoginTest.closeBrowser(VerifyLoginTest.java:58)
at com.maven.testng.VerifyLoginTest.closeBrowser(VerifyLoginTest.java:58)
at com.maven.testng.VerifyLoginTest.closeBrowser(VerifyLoginTest.java:58)
at com.maven.testng.VerifyLoginTest.closeBrowser(VerifyLoginTest.java:58)
at com.maven.testng.VerifyLoginTest.closeBrowser(VerifyLoginTest.java:58)
at com.maven.testng.VerifyLoginTest.closeBrowser(VerifyLoginTest.java:58)
at com.maven.testng.VerifyLoginTest.closeBrowser(VerifyLoginTest.java:58)
at com.maven.testng.VerifyLoginTest.closeBrowser(VerifyLoginTest.java:58)
at com.maven.testng.VerifyLoginTest.closeBrowser(VerifyLoginTest.java:58)
at com.maven.testng.VerifyLoginTest.closeBrowser(VerifyLoginTest.java:58)
at com.maven.testng.VerifyLoginTest.closeBrowser(VerifyLoginTest.java:58)
at com.maven.testng.VerifyLoginTest.closeBrowser(VerifyLoginTest.java:58)
at com.maven.testng.VerifyLoginTest.closeBrowser(VerifyLoginTest.java:58)
at com.maven.testng.VerifyLoginTest.closeBrowser(VerifyLoginTest.java:58)
at com.maven.testng.VerifyLoginTest.closeBrowser(VerifyLoginTest.java:58)
at com.maven.testng.VerifyLoginTest.closeBrowser(VerifyLoginTest.java:58)
at com.maven.testng.VerifyLoginTest.closeBrowser(VerifyLoginTest.java:58)
at com.maven.testng.VerifyLoginTest.closeBrowser(VerifyLoginTest.java:58)
at com.maven.testng.VerifyLoginTest.closeBrowser(VerifyLoginTest.java:58)
at com.maven.testng.VerifyLoginTest.closeBrowser(VerifyLoginTest.java:58)
at com.maven.testng.VerifyLoginTest.closeBrowser(VerifyLoginTest.java:58)
at com.maven.testng.VerifyLoginTest.closeBrowser(VerifyLoginTest.java:58)
at com.maven.testng.VerifyLoginTest.closeBrowser(VerifyLoginTest.java:58)
at com.maven.testng.VerifyLoginTest.closeBrowser(VerifyLoginTest.java:58)
at com.maven.testng.VerifyLoginTest.closeBrowser(VerifyLoginTest.java:58)
at com.maven.testng.VerifyLoginTest.closeBrowser(VerifyLoginTest.java:58)
at com.maven.testng.VerifyLoginTest.closeBrowser(VerifyLoginTest.java:58)
at com.maven.testng.VerifyLoginTest.closeBrowser(VerifyLoginTest.java:58)
at com.maven.testng.VerifyLoginTest.closeBrowser(VerifyLoginTest.java:58)
at com.maven.testng.VerifyLoginTest.closeBrowser(VerifyLoginTest.java:58)
at com.maven.testng.VerifyLoginTest.closeBrowser(VerifyLoginTest.java:58)
at com.maven.testng.VerifyLoginTest.closeBrowser(VerifyLoginTest.java:58)
at com.maven.testng.VerifyLoginTest.closeBrowser(VerifyLoginTest.java:58)
at com.maven.testng.VerifyLoginTest.closeBrowser(VerifyLoginTest.java:58)
at com.maven.testng.VerifyLoginTest.closeBrowser(VerifyLoginTest.java:58)
at com.maven.testng.VerifyLoginTest.closeBrowser(VerifyLoginTest.java:58)
at com.maven.testng.VerifyLoginTest.closeBrowser(VerifyLoginTest.java:58)
at com.maven.testng.VerifyLoginTest.closeBrowser(VerifyLoginTest.java:58)
at com.maven.testng.VerifyLoginTest.closeBrowser(VerifyLoginTest.java:58)
at com.maven.testng.VerifyLoginTest.closeBrowser(VerifyLoginTest.java:58)
at com.maven.testng.VerifyLoginTest.closeBrowser(VerifyLoginTest.java:58)
at com.maven.testng.VerifyLoginTest.closeBrowser(VerifyLoginTest.java:58)
at com.maven.testng.VerifyLoginTest.closeBrowser(VerifyLoginTest.java:58)
at com.maven.testng.VerifyLoginTest.closeBrowser(VerifyLoginTest.java:58)
at com.maven.testng.VerifyLoginTest.closeBrowser(VerifyLoginTest.java:58)
at com.maven.testng.VerifyLoginTest.closeBrowser(VerifyLoginTest.java:58)
at com.maven.testng.VerifyLoginTest.closeBrowser(VerifyLoginTest.java:58)
at com.maven.testng.VerifyLoginTest.closeBrowser(VerifyLoginTest.java:58)
at com.maven.testng.VerifyLoginTest.closeBrowser(VerifyLoginTest.java:58)
at com.maven.testng.VerifyLoginTest.closeBrowser(VerifyLoginTest.java:58)
at com.maven.testng.VerifyLoginTest.closeBrowser(VerifyLoginTest.java:58)
at com.maven.testng.VerifyLoginTest.closeBrowser(VerifyLoginTest.java:58)
at com.maven.testng.VerifyLoginTest.closeBrowser(VerifyLoginTest.java:58)
at com.maven.testng.VerifyLoginTest.closeBrowser(VerifyLoginTest.java:58)
at com.maven.testng.VerifyLoginTest.closeBrowser(VerifyLoginTest.java:58)
at com.maven.testng.VerifyLoginTest.closeBrowser(VerifyLoginTest.java:58)
at com.maven.testng.VerifyLoginTest.closeBrowser(VerifyLoginTest.java:58)
at com.maven.testng.VerifyLoginTest.closeBrowser(VerifyLoginTest.java:58)
at com.maven.testng.VerifyLoginTest.closeBrowser(VerifyLoginTest.java:58)
at com.maven.testng.VerifyLoginTest.closeBrowser(VerifyLoginTest.java:58)
at com.maven.testng.VerifyLoginTest.closeBrowser(VerifyLoginTest.java:58)
at com.maven.testng.VerifyLoginTest.closeBrowser(VerifyLoginTest.java:58)
at com.maven.testng.VerifyLoginTest.closeBrowser(VerifyLoginTest.java:58)
at com.maven.testng.VerifyLoginTest.closeBrowser(VerifyLoginTest.java:58)
at com.maven.testng.VerifyLoginTest.closeBrowser(VerifyLoginTest.java:58)
at com.maven.testng.VerifyLoginTest.closeBrowser(VerifyLoginTest.java:58)
at com.maven.testng.VerifyLoginTest.closeBrowser(VerifyLoginTest.java:58)
at com.maven.testng.VerifyLoginTest.closeBrowser(VerifyLoginTest.java:58)
at com.maven.testng.VerifyLoginTest.closeBrowser(VerifyLoginTest.java:58)
at com.maven.testng.VerifyLoginTest.closeBrowser(VerifyLoginTest.java:58)
at com.maven.testng.VerifyLoginTest.closeBrowser(VerifyLoginTest.java:58)
at com.maven.testng.VerifyLoginTest.closeBrowser(VerifyLoginTest.java:58)
at com.maven.testng.VerifyLoginTest.closeBrowser(VerifyLoginTest.java:58)
at com.maven.testng.VerifyLoginTest.closeBrowser(VerifyLoginTest.java:58)
at com.maven.testng.VerifyLoginTest.closeBrowser(VerifyLoginTest.java:58)
at com.maven.testng.VerifyLoginTest.closeBrowser(VerifyLoginTest.java:58)
at com.maven.testng.VerifyLoginTest.closeBrowser(VerifyLoginTest.java:58)
at com.maven.testng.VerifyLoginTest.closeBrowser(VerifyLoginTest.java:58)
at com.maven.testng.VerifyLoginTest.closeBrowser(VerifyLoginTest.java:58)
at com.maven.testng.VerifyLoginTest.closeBrowser(VerifyLoginTest.java:58)
at com.maven.testng.VerifyLoginTest.closeBrowser(VerifyLoginTest.java:58)
at com.maven.testng.VerifyLoginTest.closeBrowser(VerifyLoginTest.java:58)
at com.maven.testng.VerifyLoginTest.closeBrowser(VerifyLoginTest.java:58)
at com.maven.testng.VerifyLoginTest.closeBrowser(VerifyLoginTest.java:58)
at com.maven.testng.VerifyLoginTest.closeBrowser(VerifyLoginTest.java:58)
at com.maven.testng.VerifyLoginTest.closeBrowser(VerifyLoginTest.java:58)
at com.maven.testng.VerifyLoginTest.closeBrowser(VerifyLoginTest.java:58)
at com.maven.testng.VerifyLoginTest.closeBrowser(VerifyLoginTest.java:58)
at com.maven.testng.VerifyLoginTest.closeBrowser(VerifyLoginTest.java:58)
at com.maven.testng.VerifyLoginTest.closeBrowser(VerifyLoginTest.java:58)
at com.maven.testng.VerifyLoginTest.closeBrowser(VerifyLoginTest.java:58)
at com.maven.testng.VerifyLoginTest.closeBrowser(VerifyLoginTest.java:58)
at com.maven.testng.VerifyLoginTest.closeBrowser(VerifyLoginTest.java:58)
at com.maven.testng.VerifyLoginTest.closeBrowser(VerifyLoginTest.java:58)
at com.maven.testng.VerifyLoginTest.closeBrowser(VerifyLoginTest.java:58)
at com.maven.testng.VerifyLoginTest.closeBrowser(VerifyLoginTest.java:58)
at com.maven.testng.VerifyLoginTest.closeBrowser(VerifyLoginTest.java:58)
at com.maven.testng.VerifyLoginTest.closeBrowser(VerifyLoginTest.java:58)
at com.maven.testng.VerifyLoginTest.closeBrowser(VerifyLoginTest.java:58)
at com.maven.testng.VerifyLoginTest.closeBrowser(VerifyLoginTest.java:58)
at com.maven.testng.VerifyLoginTest.closeBrowser(VerifyLoginTest.java:58)
at com.maven.testng.VerifyLoginTest.closeBrowser(VerifyLoginTest.java:58)
at com.maven.testng.VerifyLoginTest.closeBrowser(VerifyLoginTest.java:58)
at com.maven.testng.VerifyLoginTest.closeBrowser(VerifyLoginTest.java:58)
at com.maven.testng.VerifyLoginTest.closeBrowser(VerifyLoginTest.java:58)
at com.maven.testng.VerifyLoginTest.closeBrowser(VerifyLoginTest.java:58)
at com.maven.testng.VerifyLoginTest.closeBrowser(VerifyLoginTest.java:58)
at com.maven.testng.VerifyLoginTest.closeBrowser(VerifyLoginTest.java:58)
at com.maven.testng.VerifyLoginTest.closeBrowser(VerifyLoginTest.java:58)
at com.maven.testng.VerifyLoginTest.closeBrowser(VerifyLoginTest.java:58)
at com.maven.testng.VerifyLoginTest.closeBrowser(VerifyLoginTest.java:58)
at com.maven.testng.VerifyLoginTest.closeBrowser(VerifyLoginTest.java:58)
at com.maven.testng.VerifyLoginTest.closeBrowser(VerifyLoginTest.java:58)
at com.maven.testng.VerifyLoginTest.closeBrowser(VerifyLoginTest.java:58)
at com.maven.testng.VerifyLoginTest.closeBrowser(VerifyLoginTest.java:58)
at com.maven.testng.VerifyLoginTest.closeBrowser(VerifyLoginTest.java:58)
at com.maven.testng.VerifyLoginTest.closeBrowser(VerifyLoginTest.java:58)
at com.maven.testng.VerifyLoginTest.closeBrowser(VerifyLoginTest.java:58)
at com.maven.testng.VerifyLoginTest.closeBrowser(VerifyLoginTest.java:58)
at com.maven.testng.VerifyLoginTest.closeBrowser(VerifyLoginTest.java:58)
at com.maven.testng.VerifyLoginTest.closeBrowser(VerifyLoginTest.java:58)
at com.maven.testng.VerifyLoginTest.closeBrowser(VerifyLoginTest.java:58)
at com.maven.testng.VerifyLoginTest.closeBrowser(VerifyLoginTest.java:58)
at com.maven.testng.VerifyLoginTest.closeBrowser(VerifyLoginTest.java:58)
at com.maven.testng.VerifyLoginTest.closeBrowser(VerifyLoginTest.java:58)
at com.maven.testng.VerifyLoginTest.closeBrowser(VerifyLoginTest.java:58)
at com.maven.testng.VerifyLoginTest.closeBrowser(VerifyLoginTest.java:58)
at com.maven.testng.VerifyLoginTest.closeBrowser(VerifyLoginTest.java:58)
at com.maven.testng.VerifyLoginTest.closeBrowser(VerifyLoginTest.java:58)
at com.maven.testng.VerifyLoginTest.closeBrowser(VerifyLoginTest.java:58)
at com.maven.testng.VerifyLoginTest.closeBrowser(VerifyLoginTest.java:58)
at com.maven.testng.VerifyLoginTest.closeBrowser(VerifyLoginTest.java:58)
at com.maven.testng.VerifyLoginTest.closeBrowser(VerifyLoginTest.java:58)
at com.maven.testng.VerifyLoginTest.closeBrowser(VerifyLoginTest.java:58)
at com.maven.testng.VerifyLoginTest.closeBrowser(VerifyLoginTest.java:58)
at com.maven.testng.VerifyLoginTest.closeBrowser(VerifyLoginTest.java:58)
at com.maven.testng.VerifyLoginTest.closeBrowser(VerifyLoginTest.java:58)
at com.maven.testng.VerifyLoginTest.closeBrowser(VerifyLoginTest.java:58)
at com.maven.testng.VerifyLoginTest.closeBrowser(VerifyLoginTest.java:58)
at com.maven.testng.VerifyLoginTest.closeBrowser(VerifyLoginTest.java:58)
at com.maven.testng.VerifyLoginTest.closeBrowser(VerifyLoginTest.java:58)
at com.maven.testng.VerifyLoginTest.closeBrowser(VerifyLoginTest.java:58)
at com.maven.testng.VerifyLoginTest.closeBrowser(VerifyLoginTest.java:58)
at com.maven.testng.VerifyLoginTest.closeBrowser(VerifyLoginTest.java:58)
at com.maven.testng.VerifyLoginTest.closeBrowser(VerifyLoginTest.java:58)
at com.maven.testng.VerifyLoginTest.closeBrowser(VerifyLoginTest.java:58)
at com.maven.testng.VerifyLoginTest.closeBrowser(VerifyLoginTest.java:58)
at com.maven.testng.VerifyLoginTest.closeBrowser(VerifyLoginTest.java:58)
at com.maven.testng.VerifyLoginTest.closeBrowser(VerifyLoginTest.java:58)
at com.maven.testng.VerifyLoginTest.closeBrowser(VerifyLoginTest.java:58)
at com.maven.testng.VerifyLoginTest.closeBrowser(VerifyLoginTest.java:58)
at com.maven.testng.VerifyLoginTest.closeBrowser(VerifyLoginTest.java:58)
at com.maven.testng.VerifyLoginTest.closeBrowser(VerifyLoginTest.java:58)
at com.maven.testng.VerifyLoginTest.closeBrowser(VerifyLoginTest.java:58)
at com.maven.testng.VerifyLoginTest.closeBrowser(VerifyLoginTest.java:58)
at com.maven.testng.VerifyLoginTest.closeBrowser(VerifyLoginTest.java:58)
at com.maven.testng.VerifyLoginTest.closeBrowser(VerifyLoginTest.java:58)
at com.maven.testng.VerifyLoginTest.closeBrowser(VerifyLoginTest.java:58)
at com.maven.testng.VerifyLoginTest.closeBrowser(VerifyLoginTest.java:58)
at com.maven.testng.VerifyLoginTest.closeBrowser(VerifyLoginTest.java:58)
at com.maven.testng.VerifyLoginTest.closeBrowser(VerifyLoginTest.java:58)
at com.maven.testng.VerifyLoginTest.closeBrowser(VerifyLoginTest.java:58)
at com.maven.testng.VerifyLoginTest.closeBrowser(VerifyLoginTest.java:58)
at com.maven.testng.VerifyLoginTest.closeBrowser(VerifyLoginTest.java:58)
at com.maven.testng.VerifyLoginTest.closeBrowser(VerifyLoginTest.java:58)
at com.maven.testng.VerifyLoginTest.closeBrowser(VerifyLoginTest.java:58)
at com.maven.testng.VerifyLoginTest.closeBrowser(VerifyLoginTest.java:58)
at com.maven.testng.VerifyLoginTest.closeBrowser(VerifyLoginTest.java:58)
at com.maven.testng.VerifyLoginTest.closeBrowser(VerifyLoginTest.java:58)
at com.maven.testng.VerifyLoginTest.closeBrowser(VerifyLoginTest.java:58)
at com.maven.testng.VerifyLoginTest.closeBrowser(VerifyLoginTest.java:58)
at com.maven.testng.VerifyLoginTest.closeBrowser(VerifyLoginTest.java:58)
at com.maven.testng.VerifyLoginTest.closeBrowser(VerifyLoginTest.java:58)
at com.maven.testng.VerifyLoginTest.closeBrowser(VerifyLoginTest.java:58)
at com.maven.testng.VerifyLoginTest.closeBrowser(VerifyLoginTest.java:58)
at com.maven.testng.VerifyLoginTest.closeBrowser(VerifyLoginTest.java:58)
at com.maven.testng.VerifyLoginTest.closeBrowser(VerifyLoginTest.java:58)
at com.maven.testng.VerifyLoginTest.closeBrowser(VerifyLoginTest.java:58)
at com.maven.testng.VerifyLoginTest.closeBrowser(VerifyLoginTest.java:58)
at com.maven.testng.VerifyLoginTest.closeBrowser(VerifyLoginTest.java:58)
at com.maven.testng.VerifyLoginTest.closeBrowser(VerifyLoginTest.java:58)
at com.maven.testng.VerifyLoginTest.closeBrowser(VerifyLoginTest.java:58)
at com.maven.testng.VerifyLoginTest.closeBrowser(VerifyLoginTest.java:58)
at com.maven.testng.VerifyLoginTest.closeBrowser(VerifyLoginTest.java:58)
at com.maven.testng.VerifyLoginTest.closeBrowser(VerifyLoginTest.java:58)
at com.maven.testng.VerifyLoginTest.closeBrowser(VerifyLoginTest.java:58)
at com.maven.testng.VerifyLoginTest.closeBrowser(VerifyLoginTest.java:58)
at com.maven.testng.VerifyLoginTest.closeBrowser(VerifyLoginTest.java:58)
at com.maven.testng.VerifyLoginTest.closeBrowser(VerifyLoginTest.java:58)
at com.maven.testng.VerifyLoginTest.closeBrowser(VerifyLoginTest.java:58)
at com.maven.testng.VerifyLoginTest.closeBrowser(VerifyLoginTest.java:58)
at com.maven.testng.VerifyLoginTest.closeBrowser(VerifyLoginTest.java:58)
at com.maven.testng.VerifyLoginTest.closeBrowser(VerifyLoginTest.java:58)
at com.maven.testng.VerifyLoginTest.closeBrowser(VerifyLoginTest.java:58)
at com.maven.testng.VerifyLoginTest.closeBrowser(VerifyLoginTest.java:58)
at com.maven.testng.VerifyLoginTest.closeBrowser(VerifyLoginTest.java:58)
at com.maven.testng.VerifyLoginTest.closeBrowser(VerifyLoginTest.java:58)
at com.maven.testng.VerifyLoginTest.closeBrowser(VerifyLoginTest.java:58)
at com.maven.testng.VerifyLoginTest.closeBrowser(VerifyLoginTest.java:58)
at com.maven.testng.VerifyLoginTest.closeBrowser(VerifyLoginTest.java:58)
at com.maven.testng.VerifyLoginTest.closeBrowser(VerifyLoginTest.java:58)
at com.maven.testng.VerifyLoginTest.closeBrowser(VerifyLoginTest.java:58)
at com.maven.testng.VerifyLoginTest.closeBrowser(VerifyLoginTest.java:58)
at com.maven.testng.VerifyLoginTest.closeBrowser(VerifyLoginTest.java:58)
at com.maven.testng.VerifyLoginTest.closeBrowser(VerifyLoginTest.java:58)
at com.maven.testng.VerifyLoginTest.closeBrowser(VerifyLoginTest.java:58)
at com.maven.testng.VerifyLoginTest.closeBrowser(VerifyLoginTest.java:58)
at com.maven.testng.VerifyLoginTest.closeBrowser(VerifyLoginTest.java:58)
at com.maven.testng.VerifyLoginTest.closeBrowser(VerifyLoginTest.java:58)
at com.maven.testng.VerifyLoginTest.closeBrowser(VerifyLoginTest.java:58)
at com.maven.testng.VerifyLoginTest.closeBrowser(VerifyLoginTest.java:58)
at com.maven.testng.VerifyLoginTest.closeBrowser(VerifyLoginTest.java:58)
at com.maven.testng.VerifyLoginTest.closeBrowser(VerifyLoginTest.java:58)
at com.maven.testng.VerifyLoginTest.closeBrowser(VerifyLoginTest.java:58)
at com.maven.testng.VerifyLoginTest.closeBrowser(VerifyLoginTest.java:58)
at com.maven.testng.VerifyLoginTest.closeBrowser(VerifyLoginTest.java:58)
at com.maven.testng.VerifyLoginTest.closeBrowser(VerifyLoginTest.java:58)
at com.maven.testng.VerifyLoginTest.closeBrowser(VerifyLoginTest.java:58)
at com.maven.testng.VerifyLoginTest.closeBrowser(VerifyLoginTest.java:58)
at com.maven.testng.VerifyLoginTest.closeBrowser(VerifyLoginTest.java:58)
at com.maven.testng.VerifyLoginTest.closeBrowser(VerifyLoginTest.java:58)
at com.maven.testng.VerifyLoginTest.closeBrowser(VerifyLoginTest.java:58)
at com.maven.testng.VerifyLoginTest.closeBrowser(VerifyLoginTest.java:58)
at com.maven.testng.VerifyLoginTest.closeBrowser(VerifyLoginTest.java:58)
at com.maven.testng.VerifyLoginTest.closeBrowser(VerifyLoginTest.java:58)
at com.maven.testng.VerifyLoginTest.closeBrowser(VerifyLoginTest.java:58)
at com.maven.testng.VerifyLoginTest.closeBrowser(VerifyLoginTest.java:58)
at com.maven.testng.VerifyLoginTest.closeBrowser(VerifyLoginTest.java:58)
at com.maven.testng.VerifyLoginTest.closeBrowser(VerifyLoginTest.java:58)
at com.maven.testng.VerifyLoginTest.closeBrowser(VerifyLoginTest.java:58)
at com.maven.testng.VerifyLoginTest.closeBrowser(VerifyLoginTest.java:58)
at com.maven.testng.VerifyLoginTest.closeBrowser(VerifyLoginTest.java:58)
at com.maven.testng.VerifyLoginTest.closeBrowser(VerifyLoginTest.java:58)
at com.maven.testng.VerifyLoginTest.closeBrowser(VerifyLoginTest.java:58)
at com.maven.testng.VerifyLoginTest.closeBrowser(VerifyLoginTest.java:58)
at com.maven.testng.VerifyLoginTest.closeBrowser(VerifyLoginTest.java:58)
at com.maven.testng.VerifyLoginTest.closeBrowser(VerifyLoginTest.java:58)
at com.maven.testng.VerifyLoginTest.closeBrowser(VerifyLoginTest.java:58)
at com.maven.testng.VerifyLoginTest.closeBrowser(VerifyLoginTest.java:58)
at com.maven.testng.VerifyLoginTest.closeBrowser(VerifyLoginTest.java:58)
at com.maven.testng.VerifyLoginTest.closeBrowser(VerifyLoginTest.java:58)
at com.maven.testng.VerifyLoginTest.closeBrowser(VerifyLoginTest.java:58)
at com.maven.testng.VerifyLoginTest.closeBrowser(VerifyLoginTest.java:58)
at com.maven.testng.VerifyLoginTest.closeBrowser(VerifyLoginTest.java:58)
at com.maven.testng.VerifyLoginTest.closeBrowser(VerifyLoginTest.java:58)
at com.maven.testng.VerifyLoginTest.closeBrowser(VerifyLoginTest.java:58)
at com.maven.testng.VerifyLoginTest.closeBrowser(VerifyLoginTest.java:58)
at com.maven.testng.VerifyLoginTest.closeBrowser(VerifyLoginTest.java:58)
at com.maven.testng.VerifyLoginTest.closeBrowser(VerifyLoginTest.java:58)
at com.maven.testng.VerifyLoginTest.closeBrowser(VerifyLoginTest.java:58)
at com.maven.testng.VerifyLoginTest.closeBrowser(VerifyLoginTest.java:58)
at com.maven.testng.VerifyLoginTest.closeBrowser(VerifyLoginTest.java:58)
at com.maven.testng.VerifyLoginTest.closeBrowser(VerifyLoginTest.java:58)
at com.maven.testng.VerifyLoginTest.closeBrowser(VerifyLoginTest.java:58)
at com.maven.testng.VerifyLoginTest.closeBrowser(VerifyLoginTest.java:58)
at com.maven.testng.VerifyLoginTest.closeBrowser(VerifyLoginTest.java:58)
at com.maven.testng.VerifyLoginTest.closeBrowser(VerifyLoginTest.java:58)
at com.maven.testng.VerifyLoginTest.closeBrowser(VerifyLoginTest.java:58)
at com.maven.testng.VerifyLoginTest.closeBrowser(VerifyLoginTest.java:58)
at com.maven.testng.VerifyLoginTest.closeBrowser(VerifyLoginTest.java:58)
at com.maven.testng.VerifyLoginTest.closeBrowser(VerifyLoginTest.java:58)
at com.maven.testng.VerifyLoginTest.closeBrowser(VerifyLoginTest.java:58)
at com.maven.testng.VerifyLoginTest.closeBrowser(VerifyLoginTest.java:58)
at com.maven.testng.VerifyLoginTest.closeBrowser(VerifyLoginTest.java:58)
at com.maven.testng.VerifyLoginTest.closeBrowser(VerifyLoginTest.java:58)
at com.maven.testng.VerifyLoginTest.closeBrowser(VerifyLoginTest.java:58)
at com.maven.testng.VerifyLoginTest.closeBrowser(VerifyLoginTest.java:58)
at com.maven.testng.VerifyLoginTest.closeBrowser(VerifyLoginTest.java:58)
at com.maven.testng.VerifyLoginTest.closeBrowser(VerifyLoginTest.java:58)
at com.maven.testng.VerifyLoginTest.closeBrowser(VerifyLoginTest.java:58)
at com.maven.testng.VerifyLoginTest.closeBrowser(VerifyLoginTest.java:58)
at com.maven.testng.VerifyLoginTest.closeBrowser(VerifyLoginTest.java:58)
at com.maven.testng.VerifyLoginTest.closeBrowser(VerifyLoginTest.java:58)
at com.maven.testng.VerifyLoginTest.closeBrowser(VerifyLoginTest.java:58)
at com.maven.testng.VerifyLoginTest.closeBrowser(VerifyLoginTest.java:58)
at com.maven.testng.VerifyLoginTest.closeBrowser(VerifyLoginTest.java:58)
at com.maven.testng.VerifyLoginTest.closeBrowser(VerifyLoginTest.java:58)
at com.maven.testng.VerifyLoginTest.closeBrowser(VerifyLoginTest.java:58)
at com.maven.testng.VerifyLoginTest.closeBrowser(VerifyLoginTest.java:58)
at com.maven.testng.VerifyLoginTest.closeBrowser(VerifyLoginTest.java:58)
at com.maven.testng.VerifyLoginTest.closeBrowser(VerifyLoginTest.java:58)
at com.maven.testng.VerifyLoginTest.closeBrowser(VerifyLoginTest.java:58)
at com.maven.testng.VerifyLoginTest.closeBrowser(VerifyLoginTest.java:58)
at com.maven.testng.VerifyLoginTest.closeBrowser(VerifyLoginTest.java:58)
at com.maven.testng.VerifyLoginTest.closeBrowser(VerifyLoginTest.java:58)
at com.maven.testng.VerifyLoginTest.closeBrowser(VerifyLoginTest.java:58)
at com.maven.testng.VerifyLoginTest.closeBrowser(VerifyLoginTest.java:58)
at com.maven.testng.VerifyLoginTest.closeBrowser(VerifyLoginTest.java:58)
at com.maven.testng.VerifyLoginTest.closeBrowser(VerifyLoginTest.java:58)
at com.maven.testng.VerifyLoginTest.closeBrowser(VerifyLoginTest.java:58)
at com.maven.testng.VerifyLoginTest.closeBrowser(VerifyLoginTest.java:58)
at com.maven.testng.VerifyLoginTest.closeBrowser(VerifyLoginTest.java:58)
at com.maven.testng.VerifyLoginTest.closeBrowser(VerifyLoginTest.java:58)
at com.maven.testng.VerifyLoginTest.closeBrowser(VerifyLoginTest.java:58)
at com.maven.testng.VerifyLoginTest.closeBrowser(VerifyLoginTest.java:58)
at com.maven.testng.VerifyLoginTest.closeBrowser(VerifyLoginTest.java:58)
at com.maven.testng.VerifyLoginTest.closeBrowser(VerifyLoginTest.java:58)
at com.maven.testng.VerifyLoginTest.closeBrowser(VerifyLoginTest.java:58)
at com.maven.testng.VerifyLoginTest.closeBrowser(VerifyLoginTest.java:58)
at com.maven.testng.VerifyLoginTest.closeBrowser(VerifyLoginTest.java:58)
at com.maven.testng.VerifyLoginTest.closeBrowser(VerifyLoginTest.java:58)
at com.maven.testng.VerifyLoginTest.closeBrowser(VerifyLoginTest.java:58)
at com.maven.testng.VerifyLoginTest.closeBrowser(VerifyLoginTest.java:58)
at com.maven.testng.VerifyLoginTest.closeBrowser(VerifyLoginTest.java:58)
at com.maven.testng.VerifyLoginTest.closeBrowser(VerifyLoginTest.java:58)
at com.maven.testng.VerifyLoginTest.closeBrowser(VerifyLoginTest.java:58)
at com.maven.testng.VerifyLoginTest.closeBrowser(VerifyLoginTest.java:58)
at com.maven.testng.VerifyLoginTest.closeBrowser(VerifyLoginTest.java:58)
at com.maven.testng.VerifyLoginTest.closeBrowser(VerifyLoginTest.java:58)
at com.maven.testng.VerifyLoginTest.closeBrowser(VerifyLoginTest.java:58)
at com.maven.testng.VerifyLoginTest.closeBrowser(VerifyLoginTest.java:58)
at com.maven.testng.VerifyLoginTest.closeBrowser(VerifyLoginTest.java:58)
at com.maven.testng.VerifyLoginTest.closeBrowser(VerifyLoginTest.java:58)
at com.maven.testng.VerifyLoginTest.closeBrowser(VerifyLoginTest.java:58)
at com.maven.testng.VerifyLoginTest.closeBrowser(VerifyLoginTest.java:58)
at com.maven.testng.VerifyLoginTest.closeBrowser(VerifyLoginTest.java:58)
at com.maven.testng.VerifyLoginTest.closeBrowser(VerifyLoginTest.java:58)
at com.maven.testng.VerifyLoginTest.closeBrowser(VerifyLoginTest.java:58)
at com.maven.testng.VerifyLoginTest.closeBrowser(VerifyLoginTest.java:58)
at com.maven.testng.VerifyLoginTest.closeBrowser(VerifyLoginTest.java:58)
at com.maven.testng.VerifyLoginTest.closeBrowser(VerifyLoginTest.java:58)
at com.maven.testng.VerifyLoginTest.closeBrowser(VerifyLoginTest.java:58)
at com.maven.testng.VerifyLoginTest.closeBrowser(VerifyLoginTest.java:58)
at com.maven.testng.VerifyLoginTest.closeBrowser(VerifyLoginTest.java:58)
at com.maven.testng.VerifyLoginTest.closeBrowser(VerifyLoginTest.java:58)
at com.maven.testng.VerifyLoginTest.closeBrowser(VerifyLoginTest.java:58)
at com.maven.testng.VerifyLoginTest.closeBrowser(VerifyLoginTest.java:58)
at com.maven.testng.VerifyLoginTest.closeBrowser(VerifyLoginTest.java:58)
at com.maven.testng.VerifyLoginTest.closeBrowser(VerifyLoginTest.java:58)
at com.maven.testng.VerifyLoginTest.closeBrowser(VerifyLoginTest.java:58)
at com.maven.testng.VerifyLoginTest.closeBrowser(VerifyLoginTest.java:58)
at com.maven.testng.VerifyLoginTest.closeBrowser(VerifyLoginTest.java:58)
at com.maven.testng.VerifyLoginTest.closeBrowser(VerifyLoginTest.java:58)
at com.maven.testng.VerifyLoginTest.closeBrowser(VerifyLoginTest.java:58)
at com.maven.testng.VerifyLoginTest.closeBrowser(VerifyLoginTest.java:58)
at com.maven.testng.VerifyLoginTest.closeBrowser(VerifyLoginTest.java:58)
at com.maven.testng.VerifyLoginTest.closeBrowser(VerifyLoginTest.java:58)
at com.maven.testng.VerifyLoginTest.closeBrowser(VerifyLoginTest.java:58)
at com.maven.testng.VerifyLoginTest.closeBrowser(VerifyLoginTest.java:58)
at com.maven.testng.VerifyLoginTest.closeBrowser(VerifyLoginTest.java:58)
at com.maven.testng.VerifyLoginTest.closeBrowser(VerifyLoginTest.java:58)
at com.maven.testng.VerifyLoginTest.closeBrowser(VerifyLoginTest.java:58)
at com.maven.testng.VerifyLoginTest.closeBrowser(VerifyLoginTest.java:58)
at com.maven.testng.VerifyLoginTest.closeBrowser(VerifyLoginTest.java:58)
at com.maven.testng.VerifyLoginTest.closeBrowser(VerifyLoginTest.java:58)
at com.maven.testng.VerifyLoginTest.closeBrowser(VerifyLoginTest.java:58)
at com.maven.testng.VerifyLoginTest.closeBrowser(VerifyLoginTest.java:58)
at com.maven.testng.VerifyLoginTest.closeBrowser(VerifyLoginTest.java:58)
at com.maven.testng.VerifyLoginTest.closeBrowser(VerifyLoginTest.java:58)
at com.maven.testng.VerifyLoginTest.closeBrowser(VerifyLoginTest.java:58)
at com.maven.testng.VerifyLoginTest.closeBrowser(VerifyLoginTest.java:58)
at com.maven.testng.VerifyLoginTest.closeBrowser(VerifyLoginTest.java:58)
at com.maven.testng.VerifyLoginTest.closeBrowser(VerifyLoginTest.java:58)
at com.maven.testng.VerifyLoginTest.closeBrowser(VerifyLoginTest.java:58)
at com.maven.testng.VerifyLoginTest.closeBrowser(VerifyLoginTest.java:58)
at com.maven.testng.VerifyLoginTest.closeBrowser(VerifyLoginTest.java:58)
at com.maven.testng.VerifyLoginTest.closeBrowser(VerifyLoginTest.java:58)
at com.maven.testng.VerifyLoginTest.closeBrowser(VerifyLoginTest.java:58)
at com.maven.testng.VerifyLoginTest.closeBrowser(VerifyLoginTest.java:58)
at com.maven.testng.VerifyLoginTest.closeBrowser(VerifyLoginTest.java:58)
at com.maven.testng.VerifyLoginTest.closeBrowser(VerifyLoginTest.java:58)
at com.maven.testng.VerifyLoginTest.closeBrowser(VerifyLoginTest.java:58)
at com.maven.testng.VerifyLoginTest.closeBrowser(VerifyLoginTest.java:58)
at com.maven.testng.VerifyLoginTest.closeBrowser(VerifyLoginTest.java:58)
at com.maven.testng.VerifyLoginTest.closeBrowser(VerifyLoginTest.java:58)
at com.maven.testng.VerifyLoginTest.closeBrowser(VerifyLoginTest.java:58)
at com.maven.testng.VerifyLoginTest.closeBrowser(VerifyLoginTest.java:58)
at com.maven.testng.VerifyLoginTest.closeBrowser(VerifyLoginTest.java:58)
at com.maven.testng.VerifyLoginTest.closeBrowser(VerifyLoginTest.java:58)
at com.maven.testng.VerifyLoginTest.closeBrowser(VerifyLoginTest.java:58)
at com.maven.testng.VerifyLoginTest.closeBrowser(VerifyLoginTest.java:58)
at com.maven.testng.VerifyLoginTest.closeBrowser(VerifyLoginTest.java:58)
at com.maven.testng.VerifyLoginTest.closeBrowser(VerifyLoginTest.java:58)
at com.maven.testng.VerifyLoginTest.closeBrowser(VerifyLoginTest.java:58)
at com.maven.testng.VerifyLoginTest.closeBrowser(VerifyLoginTest.java:58)
at com.maven.testng.VerifyLoginTest.closeBrowser(VerifyLoginTest.java:58)
at com.maven.testng.VerifyLoginTest.closeBrowser(VerifyLoginTest.java:58)
at com.maven.testng.VerifyLoginTest.closeBrowser(VerifyLoginTest.java:58)
at com.maven.testng.VerifyLoginTest.closeBrowser(VerifyLoginTest.java:58)
at com.maven.testng.VerifyLoginTest.closeBrowser(VerifyLoginTest.java:58)
at com.maven.testng.VerifyLoginTest.closeBrowser(VerifyLoginTest.java:58)
at com.maven.testng.VerifyLoginTest.closeBrowser(VerifyLoginTest.java:58)
at com.maven.testng.VerifyLoginTest.closeBrowser(VerifyLoginTest.java:58)
at com.maven.testng.VerifyLoginTest.closeBrowser(VerifyLoginTest.java:58)
at com.maven.testng.VerifyLoginTest.closeBrowser(VerifyLoginTest.java:58)
at com.maven.testng.VerifyLoginTest.closeBrowser(VerifyLoginTest.java:58)
at com.maven.testng.VerifyLoginTest.closeBrowser(VerifyLoginTest.java:58)
at com.maven.testng.VerifyLoginTest.closeBrowser(VerifyLoginTest.java:58)
at com.maven.testng.VerifyLoginTest.closeBrowser(VerifyLoginTest.java:58)
at com.maven.testng.VerifyLoginTest.closeBrowser(VerifyLoginTest.java:58)
at com.maven.testng.VerifyLoginTest.closeBrowser(VerifyLoginTest.java:58)
at com.maven.testng.VerifyLoginTest.closeBrowser(VerifyLoginTest.java:58)
at com.maven.testng.VerifyLoginTest.closeBrowser(VerifyLoginTest.java:58)
at com.maven.testng.VerifyLoginTest.closeBrowser(VerifyLoginTest.java:58)
at com.maven.testng.VerifyLoginTest.closeBrowser(VerifyLoginTest.java:58)
at com.maven.testng.VerifyLoginTest.closeBrowser(VerifyLoginTest.java:58)
at com.maven.testng.VerifyLoginTest.closeBrowser(VerifyLoginTest.java:58)
at com.maven.testng.VerifyLoginTest.closeBrowser(VerifyLoginTest.java:58)
at com.maven.testng.VerifyLoginTest.closeBrowser(VerifyLoginTest.java:58)
at com.maven.testng.VerifyLoginTest.closeBrowser(VerifyLoginTest.java:58)
at com.maven.testng.VerifyLoginTest.closeBrowser(VerifyLoginTest.java:58)
at com.maven.testng.VerifyLoginTest.closeBrowser(VerifyLoginTest.java:58)
at com.maven.testng.VerifyLoginTest.closeBrowser(VerifyLoginTest.java:58)
at com.maven.testng.VerifyLoginTest.closeBrowser(VerifyLoginTest.java:58)
at com.maven.testng.VerifyLoginTest.closeBrowser(VerifyLoginTest.java:58)
at com.maven.testng.VerifyLoginTest.closeBrowser(VerifyLoginTest.java:58)
at com.maven.testng.VerifyLoginTest.closeBrowser(VerifyLoginTest.java:58)
at com.maven.testng.VerifyLoginTest.closeBrowser(VerifyLoginTest.java:58)
at com.maven.testng.VerifyLoginTest.closeBrowser(VerifyLoginTest.java:58)
at com.maven.testng.VerifyLoginTest.closeBrowser(VerifyLoginTest.java:58)
at com.maven.testng.VerifyLoginTest.closeBrowser(VerifyLoginTest.java:58)
at com.maven.testng.VerifyLoginTest.closeBrowser(VerifyLoginTest.java:58)
at com.maven.testng.VerifyLoginTest.closeBrowser(VerifyLoginTest.java:58)
at com.maven.testng.VerifyLoginTest.closeBrowser(VerifyLoginTest.java:58)
at com.maven.testng.VerifyLoginTest.closeBrowser(VerifyLoginTest.java:58)
at com.maven.testng.VerifyLoginTest.closeBrowser(VerifyLoginTest.java:58)
at com.maven.testng.VerifyLoginTest.closeBrowser(VerifyLoginTest.java:58)
at com.maven.testng.VerifyLoginTest.closeBrowser(VerifyLoginTest.java:58)
at com.maven.testng.VerifyLoginTest.closeBrowser(VerifyLoginTest.java:58)
at com.maven.testng.VerifyLoginTest.closeBrowser(VerifyLoginTest.java:58)
at com.maven.testng.VerifyLoginTest.closeBrowser(VerifyLoginTest.java:58)
at com.maven.testng.VerifyLoginTest.closeBrowser(VerifyLoginTest.java:58)
at com.maven.testng.VerifyLoginTest.closeBrowser(VerifyLoginTest.java:58)
at com.maven.testng.VerifyLoginTest.closeBrowser(VerifyLoginTest.java:58)
at com.maven.testng.VerifyLoginTest.closeBrowser(VerifyLoginTest.java:58)
at com.maven.testng.VerifyLoginTest.closeBrowser(VerifyLoginTest.java:58)
at com.maven.testng.VerifyLoginTest.closeBrowser(VerifyLoginTest.java:58)
at com.maven.testng.VerifyLoginTest.closeBrowser(VerifyLoginTest.java:58)
at com.maven.testng.VerifyLoginTest.closeBrowser(VerifyLoginTest.java:58)
at com.maven.testng.VerifyLoginTest.closeBrowser(VerifyLoginTest.java:58)
at com.maven.testng.VerifyLoginTest.closeBrowser(VerifyLoginTest.java:58)
at com.maven.testng.VerifyLoginTest.closeBrowser(VerifyLoginTest.java:58)
at com.maven.testng.VerifyLoginTest.closeBrowser(VerifyLoginTest.java:58)
at com.maven.testng.VerifyLoginTest.closeBrowser(VerifyLoginTest.java:58)
at com.maven.testng.VerifyLoginTest.closeBrowser(VerifyLoginTest.java:58)
at com.maven.testng.VerifyLoginTest.closeBrowser(VerifyLoginTest.java:58)
at com.maven.testng.VerifyLoginTest.closeBrowser(VerifyLoginTest.java:58)
at com.maven.testng.VerifyLoginTest.closeBrowser(VerifyLoginTest.java:58)
at com.maven.testng.VerifyLoginTest.closeBrowser(VerifyLoginTest.java:58)
at com.maven.testng.VerifyLoginTest.closeBrowser(VerifyLoginTest.java:58)
at com.maven.testng.VerifyLoginTest.closeBrowser(VerifyLoginTest.java:58)
at com.maven.testng.VerifyLoginTest.closeBrowser(VerifyLoginTest.java:58)
at com.maven.testng.VerifyLoginTest.closeBrowser(VerifyLoginTest.java:58)
at com.maven.testng.VerifyLoginTest.closeBrowser(VerifyLoginTest.java:58)
at com.maven.testng.VerifyLoginTest.closeBrowser(VerifyLoginTest.java:58)
at com.maven.testng.VerifyLoginTest.closeBrowser(VerifyLoginTest.java:58)
at com.maven.testng.VerifyLoginTest.closeBrowser(VerifyLoginTest.java:58)
at com.maven.testng.VerifyLoginTest.closeBrowser(VerifyLoginTest.java:58)
at com.maven.testng.VerifyLoginTest.closeBrowser(VerifyLoginTest.java:58)
at com.maven.testng.VerifyLoginTest.closeBrowser(VerifyLoginTest.java:58)
at com.maven.testng.VerifyLoginTest.closeBrowser(VerifyLoginTest.java:58)
at com.maven.testng.VerifyLoginTest.closeBrowser(VerifyLoginTest.java:58)
at com.maven.testng.VerifyLoginTest.closeBrowser(VerifyLoginTest.java:58)
at com.maven.testng.VerifyLoginTest.closeBrowser(VerifyLoginTest.java:58)
at com.maven.testng.VerifyLoginTest.closeBrowser(VerifyLoginTest.java:58)
at com.maven.testng.VerifyLoginTest.closeBrowser(VerifyLoginTest.java:58)
at com.maven.testng.VerifyLoginTest.closeBrowser(VerifyLoginTest.java:58)
at com.maven.testng.VerifyLoginTest.closeBrowser(VerifyLoginTest.java:58)
at com.maven.testng.VerifyLoginTest.closeBrowser(VerifyLoginTest.java:58)
at com.maven.testng.VerifyLoginTest.closeBrowser(VerifyLoginTest.java:58)
at com.maven.testng.VerifyLoginTest.closeBrowser(VerifyLoginTest.java:58)
at com.maven.testng.VerifyLoginTest.closeBrowser(VerifyLoginTest.java:58)
at com.maven.testng.VerifyLoginTest.closeBrowser(VerifyLoginTest.java:58)
at com.maven.testng.VerifyLoginTest.closeBrowser(VerifyLoginTest.java:58)
at com.maven.testng.VerifyLoginTest.closeBrowser(VerifyLoginTest.java:58)
at com.maven.testng.VerifyLoginTest.closeBrowser(VerifyLoginTest.java:58)
at com.maven.testng.VerifyLoginTest.closeBrowser(VerifyLoginTest.java:58)
at com.maven.testng.VerifyLoginTest.closeBrowser(VerifyLoginTest.java:58)
at com.maven.testng.VerifyLoginTest.closeBrowser(VerifyLoginTest.java:58)
at com.maven.testng.VerifyLoginTest.closeBrowser(VerifyLoginTest.java:58)
at com.maven.testng.VerifyLoginTest.closeBrowser(VerifyLoginTest.java:58)
at com.maven.testng.VerifyLoginTest.closeBrowser(VerifyLoginTest.java:58)
at com.maven.testng.VerifyLoginTest.closeBrowser(VerifyLoginTest.java:58)
at com.maven.testng.VerifyLoginTest.closeBrowser(VerifyLoginTest.java:58)
at com.maven.testng.VerifyLoginTest.closeBrowser(VerifyLoginTest.java:58)
at com.maven.testng.VerifyLoginTest.closeBrowser(VerifyLoginTest.java:58)
at com.maven.testng.VerifyLoginTest.closeBrowser(VerifyLoginTest.java:58)
at com.maven.testng.VerifyLoginTest.closeBrowser(VerifyLoginTest.java:58)
at com.maven.testng.VerifyLoginTest.closeBrowser(VerifyLoginTest.java:58)
at com.maven.testng.VerifyLoginTest.closeBrowser(VerifyLoginTest.java:58)
at com.maven.testng.VerifyLoginTest.closeBrowser(VerifyLoginTest.java:58)
at com.maven.testng.VerifyLoginTest.closeBrowser(VerifyLoginTest.java:58)
at com.maven.testng.VerifyLoginTest.closeBrowser(VerifyLoginTest.java:58)
at com.maven.testng.VerifyLoginTest.closeBrowser(VerifyLoginTest.java:58)
at com.maven.testng.VerifyLoginTest.closeBrowser(VerifyLoginTest.java:58)
at com.maven.testng.VerifyLoginTest.closeBrowser(VerifyLoginTest.java:58)
at com.maven.testng.VerifyLoginTest.closeBrowser(VerifyLoginTest.java:58)
at com.maven.testng.VerifyLoginTest.closeBrowser(VerifyLoginTest.java:58)
at com.maven.testng.VerifyLoginTest.closeBrowser(VerifyLoginTest.java:58)
at com.maven.testng.VerifyLoginTest.closeBrowser(VerifyLoginTest.java:58)
at com.maven.testng.VerifyLoginTest.closeBrowser(VerifyLoginTest.java:58)
at com.maven.testng.VerifyLoginTest.closeBrowser(VerifyLoginTest.java:58)
at com.maven.testng.VerifyLoginTest.closeBrowser(VerifyLoginTest.java:58)
at com.maven.testng.VerifyLoginTest.closeBrowser(VerifyLoginTest.java:58)
at com.maven.testng.VerifyLoginTest.closeBrowser(VerifyLoginTest.java:58)
at com.maven.testng.VerifyLoginTest.closeBrowser(VerifyLoginTest.java:58)
at com.maven.testng.VerifyLoginTest.closeBrowser(VerifyLoginTest.java:58)
at com.maven.testng.VerifyLoginTest.closeBrowser(VerifyLoginTest.java:58)
at com.maven.testng.VerifyLoginTest.closeBrowser(VerifyLoginTest.java:58)
at com.maven.testng.VerifyLoginTest.closeBrowser(VerifyLoginTest.java:58)
at com.maven.testng.VerifyLoginTest.closeBrowser(VerifyLoginTest.java:58)
at com.maven.testng.VerifyLoginTest.closeBrowser(VerifyLoginTest.java:58)
at com.maven.testng.VerifyLoginTest.closeBrowser(VerifyLoginTest.java:58)
at com.maven.testng.VerifyLoginTest.closeBrowser(VerifyLoginTest.java:58)
at com.maven.testng.VerifyLoginTest.closeBrowser(VerifyLoginTest.java:58)
at com.maven.testng.VerifyLoginTest.closeBrowser(VerifyLoginTest.java:58)
at com.maven.testng.VerifyLoginTest.closeBrowser(VerifyLoginTest.java:58)
at com.maven.testng.VerifyLoginTest.closeBrowser(VerifyLoginTest.java:58)
at com.maven.testng.VerifyLoginTest.closeBrowser(VerifyLoginTest.java:58)
at com.maven.testng.VerifyLoginTest.closeBrowser(VerifyLoginTest.java:58)
at com.maven.testng.VerifyLoginTest.closeBrowser(VerifyLoginTest.java:58)
at com.maven.testng.VerifyLoginTest.closeBrowser(VerifyLoginTest.java:58)
at com.maven.testng.VerifyLoginTest.closeBrowser(VerifyLoginTest.java:58)
at com.maven.testng.VerifyLoginTest.closeBrowser(VerifyLoginTest.java:58)
at com.maven.testng.VerifyLoginTest.closeBrowser(VerifyLoginTest.java:58)
at com.maven.testng.VerifyLoginTest.closeBrowser(VerifyLoginTest.java:58)
at com.maven.testng.VerifyLoginTest.closeBrowser(VerifyLoginTest.java:58)
at com.maven.testng.VerifyLoginTest.closeBrowser(VerifyLoginTest.java:58)
at com.maven.testng.VerifyLoginTest.closeBrowser(VerifyLoginTest.java:58)
at com.maven.testng.VerifyLoginTest.closeBrowser(VerifyLoginTest.java:58)
at com.maven.testng.VerifyLoginTest.closeBrowser(VerifyLoginTest.java:58)
at com.maven.testng.VerifyLoginTest.closeBrowser(VerifyLoginTest.java:58)
at com.maven.testng.VerifyLoginTest.closeBrowser(VerifyLoginTest.java:58)
at com.maven.testng.VerifyLoginTest.closeBrowser(VerifyLoginTest.java:58)
at com.maven.testng.VerifyLoginTest.closeBrowser(VerifyLoginTest.java:58)
at com.maven.testng.VerifyLoginTest.closeBrowser(VerifyLoginTest.java:58)
at com.maven.testng.VerifyLoginTest.closeBrowser(VerifyLoginTest.java:58)
at com.maven.testng.VerifyLoginTest.closeBrowser(VerifyLoginTest.java:58)
at com.maven.testng.VerifyLoginTest.closeBrowser(VerifyLoginTest.java:58)
at com.maven.testng.VerifyLoginTest.closeBrowser(VerifyLoginTest.java:58)
at com.maven.testng.VerifyLoginTest.closeBrowser(VerifyLoginTest.java:58)
at com.maven.testng.VerifyLoginTest.closeBrowser(VerifyLoginTest.java:58)
at com.maven.testng.VerifyLoginTest.closeBrowser(VerifyLoginTest.java:58)
at com.maven.testng.VerifyLoginTest.closeBrowser(VerifyLoginTest.java:58)
at com.maven.testng.VerifyLoginTest.closeBrowser(VerifyLoginTest.java:58)
at com.maven.testng.VerifyLoginTest.closeBrowser(VerifyLoginTest.java:58)
at com.maven.testng.VerifyLoginTest.closeBrowser(VerifyLoginTest.java:58)
at com.maven.testng.VerifyLoginTest.closeBrowser(VerifyLoginTest.java:58)
at com.maven.testng.VerifyLoginTest.closeBrowser(VerifyLoginTest.java:58)
at com.maven.testng.VerifyLoginTest.closeBrowser(VerifyLoginTest.java:58)
at com.maven.testng.VerifyLoginTest.closeBrowser(VerifyLoginTest.java:58)
at com.maven.testng.VerifyLoginTest.closeBrowser(VerifyLoginTest.java:58)
at com.maven.testng.VerifyLoginTest.closeBrowser(VerifyLoginTest.java:58)
at com.maven.testng.VerifyLoginTest.closeBrowser(VerifyLoginTest.java:58)
at com.maven.testng.VerifyLoginTest.closeBrowser(VerifyLoginTest.java:58)
at com.maven.testng.VerifyLoginTest.closeBrowser(VerifyLoginTest.java:58)
at com.maven.testng.VerifyLoginTest.closeBrowser(VerifyLoginTest.java:58)
at com.maven.testng.VerifyLoginTest.closeBrowser(VerifyLoginTest.java:58)
at com.maven.testng.VerifyLoginTest.closeBrowser(VerifyLoginTest.java:58)
at com.maven.testng.VerifyLoginTest.closeBrowser(VerifyLoginTest.java:58)
at com.maven.testng.VerifyLoginTest.closeBrowser(VerifyLoginTest.java:58)
at com.maven.testng.VerifyLoginTest.closeBrowser(VerifyLoginTest.java:58)
at com.maven.testng.VerifyLoginTest.closeBrowser(VerifyLoginTest.java:58)
at com.maven.testng.VerifyLoginTest.closeBrowser(VerifyLoginTest.java:58)
at com.maven.testng.VerifyLoginTest.closeBrowser(VerifyLoginTest.java:58)
at com.maven.testng.VerifyLoginTest.closeBrowser(VerifyLoginTest.java:58)
at com.maven.testng.VerifyLoginTest.closeBrowser(VerifyLoginTest.java:58)
at com.maven.testng.VerifyLoginTest.closeBrowser(VerifyLoginTest.java:58)
at com.maven.testng.VerifyLoginTest.closeBrowser(VerifyLoginTest.java:58)
at com.maven.testng.VerifyLoginTest.closeBrowser(VerifyLoginTest.java:58)
at com.maven.testng.VerifyLoginTest.closeBrowser(VerifyLoginTest.java:58)
at com.maven.testng.VerifyLoginTest.closeBrowser(VerifyLoginTest.java:58)
at com.maven.testng.VerifyLoginTest.closeBrowser(VerifyLoginTest.java:58)
at com.maven.testng.VerifyLoginTest.closeBrowser(VerifyLoginTest.java:58)
at com.maven.testng.VerifyLoginTest.closeBrowser(VerifyLoginTest.java:58)
at com.maven.testng.VerifyLoginTest.closeBrowser(VerifyLoginTest.java:58)
at com.maven.testng.VerifyLoginTest.closeBrowser(VerifyLoginTest.java:58)
at com.maven.testng.VerifyLoginTest.closeBrowser(VerifyLoginTest.java:58)
at com.maven.testng.VerifyLoginTest.closeBrowser(VerifyLoginTest.java:58)
at com.maven.testng.VerifyLoginTest.closeBrowser(VerifyLoginTest.java:58)
at com.maven.testng.VerifyLoginTest.closeBrowser(VerifyLoginTest.java:58)
at com.maven.testng.VerifyLoginTest.closeBrowser(VerifyLoginTest.java:58)
at com.maven.testng.VerifyLoginTest.closeBrowser(VerifyLoginTest.java:58)
at com.maven.testng.VerifyLoginTest.closeBrowser(VerifyLoginTest.java:58)
at com.maven.testng.VerifyLoginTest.closeBrowser(VerifyLoginTest.java:58)
at com.maven.testng.VerifyLoginTest.closeBrowser(VerifyLoginTest.java:58)
at com.maven.testng.VerifyLoginTest.closeBrowser(VerifyLoginTest.java:58)
at com.maven.testng.VerifyLoginTest.closeBrowser(VerifyLoginTest.java:58)
at com.maven.testng.VerifyLoginTest.closeBrowser(VerifyLoginTest.java:58)
at com.maven.testng.VerifyLoginTest.closeBrowser(VerifyLoginTest.java:58)
at com.maven.testng.VerifyLoginTest.closeBrowser(VerifyLoginTest.java:58)
at com.maven.testng.VerifyLoginTest.closeBrowser(VerifyLoginTest.java:58)
at com.maven.testng.VerifyLoginTest.closeBrowser(VerifyLoginTest.java:58)
at com.maven.testng.VerifyLoginTest.closeBrowser(VerifyLoginTest.java:58)
at com.maven.testng.VerifyLoginTest.closeBrowser(VerifyLoginTest.java:58)
at com.maven.testng.VerifyLoginTest.closeBrowser(VerifyLoginTest.java:58)
at com.maven.testng.VerifyLoginTest.closeBrowser(VerifyLoginTest.java:58)
at com.maven.testng.VerifyLoginTest.closeBrowser(VerifyLoginTest.java:58)
at com.maven.testng.VerifyLoginTest.closeBrowser(VerifyLoginTest.java:58)
at com.maven.testng.VerifyLoginTest.closeBrowser(VerifyLoginTest.java:58)
at com.maven.testng.VerifyLoginTest.closeBrowser(VerifyLoginTest.java:58)
at com.maven.testng.VerifyLoginTest.closeBrowser(VerifyLoginTest.java:58)
at com.maven.testng.VerifyLoginTest.closeBrowser(VerifyLoginTest.java:58)
at com.maven.testng.VerifyLoginTest.closeBrowser(VerifyLoginTest.java:58)
at com.maven.testng.VerifyLoginTest.closeBrowser(VerifyLoginTest.java:58)
at com.maven.testng.VerifyLoginTest.closeBrowser(VerifyLoginTest.java:58)
at com.maven.testng.VerifyLoginTest.closeBrowser(VerifyLoginTest.java:58)
at com.maven.testng.VerifyLoginTest.closeBrowser(VerifyLoginTest.java:58)
at com.maven.testng.VerifyLoginTest.closeBrowser(VerifyLoginTest.java:58)
at com.maven.testng.VerifyLoginTest.closeBrowser(VerifyLoginTest.java:58)
at com.maven.testng.VerifyLoginTest.closeBrowser(VerifyLoginTest.java:58)
at com.maven.testng.VerifyLoginTest.closeBrowser(VerifyLoginTest.java:58)
at com.maven.testng.VerifyLoginTest.closeBrowser(VerifyLoginTest.java:58)
at com.maven.testng.VerifyLoginTest.closeBrowser(VerifyLoginTest.java:58)
at com.maven.testng.VerifyLoginTest.closeBrowser(VerifyLoginTest.java:58)
at com.maven.testng.VerifyLoginTest.closeBrowser(VerifyLoginTest.java:58)
at com.maven.testng.VerifyLoginTest.closeBrowser(VerifyLoginTest.java:58)
at com.maven.testng.VerifyLoginTest.closeBrowser(VerifyLoginTest.java:58)
at com.maven.testng.VerifyLoginTest.closeBrowser(VerifyLoginTest.java:58)
at com.maven.testng.VerifyLoginTest.closeBrowser(VerifyLoginTest.java:58)
at com.maven.testng.VerifyLoginTest.closeBrowser(VerifyLoginTest.java:58)
at com.maven.testng.VerifyLoginTest.closeBrowser(VerifyLoginTest.java:58)
at com.maven.testng.VerifyLoginTest.closeBrowser(VerifyLoginTest.java:58)
at com.maven.testng.VerifyLoginTest.closeBrowser(VerifyLoginTest.java:58)
at com.maven.testng.VerifyLoginTest.closeBrowser(VerifyLoginTest.java:58)
at com.maven.testng.VerifyLoginTest.closeBrowser(VerifyLoginTest.java:58)
at com.maven.testng.VerifyLoginTest.closeBrowser(VerifyLoginTest.java:58)
]]>
    </error>
  </testcase> <!-- closeBrowser -->
  <system-out/>
  <testcase classname="com.maven.testng.VerifyLoginTest" name="verifyLoginErrorMessage" time="1.678"/>
  <system-out/>
  <testcase classname="com.maven.testng.VerifyLoginTest" name="verifyLoginWithCorrectCredentials" time="4.902"/>
  <system-out/>
</testsuite> <!-- com.maven.testng.VerifyLoginTest -->
