<?xml version="1.0" encoding="UTF-8"?>
<!-- Generated by org.testng.reporters.JUnitReportReporter -->
<testsuite hostname="DESKTOP-8DPVRQ3" failures="0" tests="2" name="com.maven.testng.VerifyUserManagementPageTest" time="12.647" errors="0" timestamp="2021-06-22T19:45:09 IST" skipped="0">
  <testcase classname="com.maven.testng.VerifyUserManagementPageTest" name="verifyAddUserAdmin" time="6.781"/>
  <system-out/>
  <testcase classname="com.maven.testng.VerifyUserManagementPageTest" name="verifyAddUserESS" time="5.866"/>
  <system-out/>
</testsuite> <!-- com.maven.testng.VerifyUserManagementPageTest -->
