<?xml version="1.0" encoding="UTF-8"?>
<!-- Generated by org.testng.reporters.JUnitReportReporter -->
<testsuite hostname="DESKTOP-8DPVRQ3" failures="0" tests="2" name="com.maven.testng.VerifyUserManagementPageTest" time="12.534" errors="0" timestamp="2021-06-23T21:49:18 IST" skipped="0">
  <testcase classname="com.maven.testng.VerifyUserManagementPageTest" name="verifyAddUserAdmin" time="6.650"/>
  <system-out/>
  <testcase classname="com.maven.testng.VerifyUserManagementPageTest" name="verifyAddUserESS" time="5.884"/>
  <system-out/>
</testsuite> <!-- com.maven.testng.VerifyUserManagementPageTest -->
