<?xml version="1.0" encoding="UTF-8"?>
<!-- Generated by org.testng.reporters.JUnitReportReporter -->
<testsuite hostname="DESKTOP-8DPVRQ3" failures="0" tests="1" name="com.maven.testng.VerifyUserManagementPage" time="2.537" errors="0" timestamp="2021-07-03T19:25:51 IST" skipped="0">
  <testcase classname="com.maven.testng.VerifyUserManagementPage" name="test" time="2.537"/>
  <system-out/>
</testsuite> <!-- com.maven.testng.VerifyUserManagementPage -->
