<?xml version="1.0" encoding="UTF-8"?>
<!-- Generated by org.testng.reporters.JUnitReportReporter -->
<testsuite hostname="DESKTOP-8DPVRQ3" failures="0" tests="1" name="com.maven.testng.VerifyLoginTest" time="5.838" errors="0" timestamp="2021-06-19T07:53:15 IST" skipped="0">
  <testcase classname="com.maven.testng.VerifyLoginTest" name="verifyLoginwithCorrectCredentials" time="5.838"/>
  <system-out/>
</testsuite> <!-- com.maven.testng.VerifyLoginTest -->
